[ 2016-09-27T01:43:07+08:00 ] 127.0.0.1 /
INFO: [ app_init ] --START--
INFO: Run Behavior\BuildLiteBehavior [ RunTime:0.000000s ]
INFO: [ app_init ] --END-- [ RunTime:0.000000s ]
INFO: [ app_begin ] --START--
INFO: Run Behavior\ReadHtmlCacheBehavior [ RunTime:0.000000s ]
INFO: [ app_begin ] --END-- [ RunTime:0.000000s ]
INFO: [ app_end ] --START--
INFO: Run Behavior\ShowPageTraceBehavior [ RunTime:0.000000s ]
INFO: [ app_end ] --END-- [ RunTime:0.000000s ]

[ 2016-09-27T01:43:15+08:00 ] 127.0.0.1 /
INFO: [ app_init ] --START--
INFO: Run Behavior\BuildLiteBehavior [ RunTime:0.000000s ]
INFO: [ app_init ] --END-- [ RunTime:0.000000s ]
INFO: [ app_begin ] --START--
INFO: Run Behavior\ReadHtmlCacheBehavior [ RunTime:0.000000s ]
INFO: [ app_begin ] --END-- [ RunTime:0.000000s ]
INFO: [ app_end ] --START--
INFO: Run Behavior\ShowPageTraceBehavior [ RunTime:0.000000s ]
INFO: [ app_end ] --END-- [ RunTime:0.001000s ]

[ 2016-09-27T01:46:04+08:00 ] 127.0.0.1 /
INFO: [ app_init ] --START--
INFO: Run Behavior\BuildLiteBehavior [ RunTime:0.000000s ]
INFO: [ app_init ] --END-- [ RunTime:0.000000s ]
INFO: [ app_begin ] --START--
INFO: Run Behavior\ReadHtmlCacheBehavior [ RunTime:0.000000s ]
INFO: [ app_begin ] --END-- [ RunTime:0.000000s ]
INFO: [ app_end ] --START--
INFO: Run Behavior\ShowPageTraceBehavior [ RunTime:0.001001s ]
INFO: [ app_end ] --END-- [ RunTime:0.001001s ]

[ 2016-09-27T10:45:18+08:00 ] 127.0.0.1 /
INFO: [ app_init ] --START--
INFO: Run Behavior\BuildLiteBehavior [ RunTime:0.000000s ]
INFO: [ app_init ] --END-- [ RunTime:0.000000s ]
INFO: [ app_begin ] --START--
INFO: Run Behavior\ReadHtmlCacheBehavior [ RunTime:0.001000s ]
INFO: [ app_begin ] --END-- [ RunTime:0.001000s ]

[ 2016-09-27T10:52:19+08:00 ] 127.0.0.1 /
INFO: [ app_init ] --START--
INFO: Run Behavior\BuildLiteBehavior [ RunTime:0.000000s ]
INFO: [ app_init ] --END-- [ RunTime:0.000000s ]
INFO: [ app_begin ] --START--
INFO: Run Behavior\ReadHtmlCacheBehavior [ RunTime:0.001000s ]
INFO: [ app_begin ] --END-- [ RunTime:0.001000s ]

[ 2016-09-27T10:52:57+08:00 ] 127.0.0.1 /
INFO: [ app_init ] --START--
INFO: Run Behavior\BuildLiteBehavior [ RunTime:0.000000s ]
INFO: [ app_init ] --END-- [ RunTime:0.000000s ]
INFO: [ app_begin ] --START--
INFO: Run Behavior\ReadHtmlCacheBehavior [ RunTime:0.001000s ]
INFO: [ app_begin ] --END-- [ RunTime:0.001000s ]

[ 2016-09-27T10:52:58+08:00 ] 127.0.0.1 /
INFO: [ app_init ] --START--
INFO: Run Behavior\BuildLiteBehavior [ RunTime:0.000000s ]
INFO: [ app_init ] --END-- [ RunTime:0.000000s ]
INFO: [ app_begin ] --START--
INFO: Run Behavior\ReadHtmlCacheBehavior [ RunTime:0.000000s ]
INFO: [ app_begin ] --END-- [ RunTime:0.000000s ]

[ 2016-09-27T10:53:21+08:00 ] 127.0.0.1 /
INFO: [ app_init ] --START--
INFO: Run Behavior\BuildLiteBehavior [ RunTime:0.000000s ]
INFO: [ app_init ] --END-- [ RunTime:0.000000s ]
INFO: [ app_begin ] --START--
INFO: Run Behavior\ReadHtmlCacheBehavior [ RunTime:0.000000s ]
INFO: [ app_begin ] --END-- [ RunTime:0.000000s ]

[ 2016-09-27T10:53:22+08:00 ] 127.0.0.1 /
INFO: [ app_init ] --START--
INFO: Run Behavior\BuildLiteBehavior [ RunTime:0.000000s ]
INFO: [ app_init ] --END-- [ RunTime:0.000000s ]
INFO: [ app_begin ] --START--
INFO: Run Behavior\ReadHtmlCacheBehavior [ RunTime:0.001000s ]
INFO: [ app_begin ] --END-- [ RunTime:0.001000s ]

[ 2016-09-27T10:53:22+08:00 ] 127.0.0.1 /
INFO: [ app_init ] --START--
INFO: Run Behavior\BuildLiteBehavior [ RunTime:0.000000s ]
INFO: [ app_init ] --END-- [ RunTime:0.000000s ]
INFO: [ app_begin ] --START--
INFO: Run Behavior\ReadHtmlCacheBehavior [ RunTime:0.000000s ]
INFO: [ app_begin ] --END-- [ RunTime:0.000000s ]

[ 2016-09-27T10:53:23+08:00 ] 127.0.0.1 /
INFO: [ app_init ] --START--
INFO: Run Behavior\BuildLiteBehavior [ RunTime:0.000000s ]
INFO: [ app_init ] --END-- [ RunTime:0.000000s ]
INFO: [ app_begin ] --START--
INFO: Run Behavior\ReadHtmlCacheBehavior [ RunTime:0.000000s ]
INFO: [ app_begin ] --END-- [ RunTime:0.000000s ]

[ 2016-09-27T10:53:23+08:00 ] 127.0.0.1 /
INFO: [ app_init ] --START--
INFO: Run Behavior\BuildLiteBehavior [ RunTime:0.000000s ]
INFO: [ app_init ] --END-- [ RunTime:0.000000s ]
INFO: [ app_begin ] --START--
INFO: Run Behavior\ReadHtmlCacheBehavior [ RunTime:0.001000s ]
INFO: [ app_begin ] --END-- [ RunTime:0.001000s ]

[ 2016-09-27T10:54:59+08:00 ] 127.0.0.1 /
INFO: [ app_init ] --START--
INFO: Run Behavior\BuildLiteBehavior [ RunTime:0.000000s ]
INFO: [ app_init ] --END-- [ RunTime:0.000000s ]
INFO: [ app_begin ] --START--
INFO: Run Behavior\ReadHtmlCacheBehavior [ RunTime:0.000000s ]
INFO: [ app_begin ] --END-- [ RunTime:0.000000s ]

[ 2016-09-27T10:55:00+08:00 ] 127.0.0.1 /
INFO: [ app_init ] --START--
INFO: Run Behavior\BuildLiteBehavior [ RunTime:0.000000s ]
INFO: [ app_init ] --END-- [ RunTime:0.000000s ]
INFO: [ app_begin ] --START--
INFO: Run Behavior\ReadHtmlCacheBehavior [ RunTime:0.000000s ]
INFO: [ app_begin ] --END-- [ RunTime:0.000000s ]

[ 2016-09-27T10:55:00+08:00 ] 127.0.0.1 /
INFO: [ app_init ] --START--
INFO: Run Behavior\BuildLiteBehavior [ RunTime:0.000000s ]
INFO: [ app_init ] --END-- [ RunTime:0.000000s ]
INFO: [ app_begin ] --START--
INFO: Run Behavior\ReadHtmlCacheBehavior [ RunTime:0.000000s ]
INFO: [ app_begin ] --END-- [ RunTime:0.000000s ]

[ 2016-09-27T10:55:01+08:00 ] 127.0.0.1 /
INFO: [ app_init ] --START--
INFO: Run Behavior\BuildLiteBehavior [ RunTime:0.000000s ]
INFO: [ app_init ] --END-- [ RunTime:0.000000s ]
INFO: [ app_begin ] --START--
INFO: Run Behavior\ReadHtmlCacheBehavior [ RunTime:0.002001s ]
INFO: [ app_begin ] --END-- [ RunTime:0.002001s ]

[ 2016-09-27T10:55:32+08:00 ] 127.0.0.1 /
INFO: [ app_init ] --START--
INFO: Run Behavior\BuildLiteBehavior [ RunTime:0.000000s ]
INFO: [ app_init ] --END-- [ RunTime:0.000000s ]
INFO: [ app_begin ] --START--
INFO: Run Behavior\ReadHtmlCacheBehavior [ RunTime:0.000000s ]
INFO: [ app_begin ] --END-- [ RunTime:0.000000s ]
SQL: SHOW COLUMNS FROM `admin_user` [ RunTime:0.0440s ]
NOTIC: [8] Undefined index: username E:\projects\PMsys\Project-platform\service\Apps\Home\Model\IndexModel.class.php 第 42 行.
SQL: SHOW COLUMNS FROM `session` [ RunTime:0.0460s ]
SQL: SELECT * FROM session as a INNER JOIN admin_user as b on a.s_uid=b.uid  WHERE ( b.alias='' ) LIMIT 1   [ RunTime:0.0440s ]
INFO: [ app_end ] --START--
INFO: Run Behavior\ShowPageTraceBehavior [ RunTime:0.000000s ]
INFO: [ app_end ] --END-- [ RunTime:0.000000s ]

[ 2016-09-27T10:55:33+08:00 ] 127.0.0.1 /
INFO: [ app_init ] --START--
INFO: Run Behavior\BuildLiteBehavior [ RunTime:0.000000s ]
INFO: [ app_init ] --END-- [ RunTime:0.000000s ]
INFO: [ app_begin ] --START--
INFO: Run Behavior\ReadHtmlCacheBehavior [ RunTime:0.001000s ]
INFO: [ app_begin ] --END-- [ RunTime:0.001000s ]
SQL: SHOW COLUMNS FROM `admin_user` [ RunTime:0.0450s ]
SQL: SHOW COLUMNS FROM `user_module` [ RunTime:0.0460s ]
SQL: SELECT a.mod_name,a.mod_url,d.uid FROM user_module as a,role_mod_relation as b,user_role_relation as c,admin_user as d WHERE ( a.mod_id=b.mod_id AND b.role_id=c.role_id AND c.uid=d.uid ) GROUP BY a.mod_id  [ RunTime:0.0470s ]
INFO: [ app_end ] --START--
INFO: Run Behavior\ShowPageTraceBehavior [ RunTime:0.001000s ]
INFO: [ app_end ] --END-- [ RunTime:0.001000s ]

[ 2016-09-27T10:57:30+08:00 ] 127.0.0.1 /
INFO: [ app_init ] --START--
INFO: Run Behavior\BuildLiteBehavior [ RunTime:0.000000s ]
INFO: [ app_init ] --END-- [ RunTime:0.000000s ]
INFO: [ app_begin ] --START--
INFO: Run Behavior\ReadHtmlCacheBehavior [ RunTime:0.001000s ]
INFO: [ app_begin ] --END-- [ RunTime:0.001000s ]
SQL: SHOW COLUMNS FROM `admin_user` [ RunTime:0.0470s ]
NOTIC: [8] Undefined index: username E:\projects\PMsys\Project-platform\service\Apps\Home\Model\IndexModel.class.php 第 42 行.
SQL: SHOW COLUMNS FROM `session` [ RunTime:0.0500s ]
SQL: SELECT * FROM session as a INNER JOIN admin_user as b on a.s_uid=b.uid  WHERE ( b.alias='' ) LIMIT 1   [ RunTime:0.0470s ]
INFO: [ app_end ] --START--
INFO: Run Behavior\ShowPageTraceBehavior [ RunTime:0.001000s ]
INFO: [ app_end ] --END-- [ RunTime:0.001000s ]

[ 2016-09-27T10:57:30+08:00 ] 127.0.0.1 /
INFO: [ app_init ] --START--
INFO: Run Behavior\BuildLiteBehavior [ RunTime:0.000000s ]
INFO: [ app_init ] --END-- [ RunTime:0.000000s ]
INFO: [ app_begin ] --START--
INFO: Run Behavior\ReadHtmlCacheBehavior [ RunTime:0.000000s ]
INFO: [ app_begin ] --END-- [ RunTime:0.000000s ]
SQL: SHOW COLUMNS FROM `admin_user` [ RunTime:0.0440s ]
SQL: SHOW COLUMNS FROM `user_module` [ RunTime:0.0440s ]
SQL: SELECT a.mod_name,a.mod_url,d.uid FROM user_module as a,role_mod_relation as b,user_role_relation as c,admin_user as d WHERE ( a.mod_id=b.mod_id AND b.role_id=c.role_id AND c.uid=d.uid ) GROUP BY a.mod_id  [ RunTime:0.0440s ]
INFO: [ app_end ] --START--
INFO: Run Behavior\ShowPageTraceBehavior [ RunTime:0.001000s ]
INFO: [ app_end ] --END-- [ RunTime:0.001000s ]

[ 2016-09-27T11:01:59+08:00 ] 127.0.0.1 /
INFO: [ app_init ] --START--
INFO: Run Behavior\BuildLiteBehavior [ RunTime:0.000000s ]
INFO: [ app_init ] --END-- [ RunTime:0.000000s ]
INFO: [ app_begin ] --START--
INFO: Run Behavior\ReadHtmlCacheBehavior [ RunTime:0.000000s ]
INFO: [ app_begin ] --END-- [ RunTime:0.000000s ]
SQL: SHOW COLUMNS FROM `admin_user` [ RunTime:0.0470s ]
NOTIC: [8] Undefined index: username E:\projects\PMsys\Project-platform\service\Apps\Home\Model\IndexModel.class.php 第 42 行.
SQL: SHOW COLUMNS FROM `session` [ RunTime:0.0560s ]
SQL: SELECT * FROM session as a INNER JOIN admin_user as b on a.s_uid=b.uid  WHERE ( b.alias='' ) LIMIT 1   [ RunTime:0.0480s ]
INFO: [ app_end ] --START--
INFO: Run Behavior\ShowPageTraceBehavior [ RunTime:0.000000s ]
INFO: [ app_end ] --END-- [ RunTime:0.001000s ]

[ 2016-09-27T11:01:59+08:00 ] 127.0.0.1 /
INFO: [ app_init ] --START--
INFO: Run Behavior\BuildLiteBehavior [ RunTime:0.000000s ]
INFO: [ app_init ] --END-- [ RunTime:0.000000s ]
INFO: [ app_begin ] --START--
INFO: Run Behavior\ReadHtmlCacheBehavior [ RunTime:0.001000s ]
INFO: [ app_begin ] --END-- [ RunTime:0.001000s ]
SQL: SHOW COLUMNS FROM `admin_user` [ RunTime:0.0490s ]
SQL: SHOW COLUMNS FROM `user_module` [ RunTime:0.0430s ]
SQL: SELECT a.mod_name,a.mod_url,d.uid FROM user_module as a,role_mod_relation as b,user_role_relation as c,admin_user as d WHERE ( a.mod_id=b.mod_id AND b.role_id=c.role_id AND c.uid=d.uid ) GROUP BY a.mod_id  [ RunTime:0.0440s ]
INFO: [ app_end ] --START--
INFO: Run Behavior\ShowPageTraceBehavior [ RunTime:0.001000s ]
INFO: [ app_end ] --END-- [ RunTime:0.001000s ]

[ 2016-09-27T11:02:05+08:00 ] 127.0.0.1 /
INFO: [ app_init ] --START--
INFO: Run Behavior\BuildLiteBehavior [ RunTime:0.000000s ]
INFO: [ app_init ] --END-- [ RunTime:0.001000s ]
INFO: [ app_begin ] --START--
INFO: Run Behavior\ReadHtmlCacheBehavior [ RunTime:0.001000s ]
INFO: [ app_begin ] --END-- [ RunTime:0.001000s ]
SQL: SHOW COLUMNS FROM `admin_user` [ RunTime:0.0440s ]
NOTIC: [8] Undefined index: username E:\projects\PMsys\Project-platform\service\Apps\Home\Model\IndexModel.class.php 第 42 行.
SQL: SHOW COLUMNS FROM `session` [ RunTime:0.0440s ]
SQL: SELECT * FROM session as a INNER JOIN admin_user as b on a.s_uid=b.uid  WHERE ( b.alias='' ) LIMIT 1   [ RunTime:0.0420s ]
INFO: [ app_end ] --START--
INFO: Run Behavior\ShowPageTraceBehavior [ RunTime:0.000000s ]
INFO: [ app_end ] --END-- [ RunTime:0.001001s ]

[ 2016-09-27T11:02:05+08:00 ] 127.0.0.1 /
INFO: [ app_init ] --START--
INFO: Run Behavior\BuildLiteBehavior [ RunTime:0.000000s ]
INFO: [ app_init ] --END-- [ RunTime:0.000000s ]
INFO: [ app_begin ] --START--
INFO: Run Behavior\ReadHtmlCacheBehavior [ RunTime:0.001000s ]
INFO: [ app_begin ] --END-- [ RunTime:0.001000s ]
SQL: SHOW COLUMNS FROM `admin_user` [ RunTime:0.0500s ]
SQL: SHOW COLUMNS FROM `user_module` [ RunTime:0.0490s ]
SQL: SELECT a.mod_name,a.mod_url,d.uid FROM user_module as a,role_mod_relation as b,user_role_relation as c,admin_user as d WHERE ( a.mod_id=b.mod_id AND b.role_id=c.role_id AND c.uid=d.uid ) GROUP BY a.mod_id  [ RunTime:0.0490s ]
INFO: [ app_end ] --START--
INFO: Run Behavior\ShowPageTraceBehavior [ RunTime:0.000000s ]
INFO: [ app_end ] --END-- [ RunTime:0.001000s ]

[ 2016-09-27T11:02:59+08:00 ] 127.0.0.1 /
INFO: [ app_init ] --START--
INFO: Run Behavior\BuildLiteBehavior [ RunTime:0.000000s ]
INFO: [ app_init ] --END-- [ RunTime:0.000000s ]
INFO: [ app_begin ] --START--
INFO: Run Behavior\ReadHtmlCacheBehavior [ RunTime:0.001000s ]
INFO: [ app_begin ] --END-- [ RunTime:0.001000s ]
SQL: SHOW COLUMNS FROM `admin_user` [ RunTime:0.0490s ]
NOTIC: [8] Undefined index: username E:\projects\PMsys\Project-platform\service\Apps\Home\Model\IndexModel.class.php 第 42 行.
SQL: SHOW COLUMNS FROM `session` [ RunTime:0.0500s ]
SQL: SELECT * FROM session as a INNER JOIN admin_user as b on a.s_uid=b.uid  WHERE ( b.alias='' ) LIMIT 1   [ RunTime:0.0490s ]
INFO: [ app_end ] --START--
INFO: Run Behavior\ShowPageTraceBehavior [ RunTime:0.001000s ]
INFO: [ app_end ] --END-- [ RunTime:0.001000s ]

[ 2016-09-27T11:02:59+08:00 ] 127.0.0.1 /
INFO: [ app_init ] --START--
INFO: Run Behavior\BuildLiteBehavior [ RunTime:0.000000s ]
INFO: [ app_init ] --END-- [ RunTime:0.000000s ]
INFO: [ app_begin ] --START--
INFO: Run Behavior\ReadHtmlCacheBehavior [ RunTime:0.001000s ]
INFO: [ app_begin ] --END-- [ RunTime:0.001000s ]
SQL: SHOW COLUMNS FROM `admin_user` [ RunTime:0.0460s ]
SQL: SHOW COLUMNS FROM `user_module` [ RunTime:0.0450s ]
SQL: SELECT a.mod_name,a.mod_url,d.uid FROM user_module as a,role_mod_relation as b,user_role_relation as c,admin_user as d WHERE ( a.mod_id=b.mod_id AND b.role_id=c.role_id AND c.uid=d.uid ) GROUP BY a.mod_id  [ RunTime:0.0440s ]
INFO: [ app_end ] --START--
INFO: Run Behavior\ShowPageTraceBehavior [ RunTime:0.001001s ]
INFO: [ app_end ] --END-- [ RunTime:0.001001s ]

[ 2016-09-27T11:03:02+08:00 ] 127.0.0.1 /
INFO: [ app_init ] --START--
INFO: Run Behavior\BuildLiteBehavior [ RunTime:0.000000s ]
INFO: [ app_init ] --END-- [ RunTime:0.000000s ]
INFO: [ app_begin ] --START--
INFO: Run Behavior\ReadHtmlCacheBehavior [ RunTime:0.001000s ]
INFO: [ app_begin ] --END-- [ RunTime:0.001000s ]
SQL: SHOW COLUMNS FROM `admin_user` [ RunTime:0.0490s ]
NOTIC: [8] Undefined index: username E:\projects\PMsys\Project-platform\service\Apps\Home\Model\IndexModel.class.php 第 42 行.
SQL: SHOW COLUMNS FROM `session` [ RunTime:0.0470s ]
SQL: SELECT * FROM session as a INNER JOIN admin_user as b on a.s_uid=b.uid  WHERE ( b.alias='' ) LIMIT 1   [ RunTime:0.0470s ]
INFO: [ app_end ] --START--
INFO: Run Behavior\ShowPageTraceBehavior [ RunTime:0.001000s ]
INFO: [ app_end ] --END-- [ RunTime:0.001000s ]

[ 2016-09-27T11:03:02+08:00 ] 127.0.0.1 /
INFO: [ app_init ] --START--
INFO: Run Behavior\BuildLiteBehavior [ RunTime:0.000000s ]
INFO: [ app_init ] --END-- [ RunTime:0.000000s ]
INFO: [ app_begin ] --START--
INFO: Run Behavior\ReadHtmlCacheBehavior [ RunTime:0.001000s ]
INFO: [ app_begin ] --END-- [ RunTime:0.001000s ]
SQL: SHOW COLUMNS FROM `admin_user` [ RunTime:0.0570s ]
SQL: SHOW COLUMNS FROM `user_module` [ RunTime:0.0540s ]
SQL: SELECT a.mod_name,a.mod_url,d.uid FROM user_module as a,role_mod_relation as b,user_role_relation as c,admin_user as d WHERE ( a.mod_id=b.mod_id AND b.role_id=c.role_id AND c.uid=d.uid ) GROUP BY a.mod_id  [ RunTime:0.0510s ]
INFO: [ app_end ] --START--
INFO: Run Behavior\ShowPageTraceBehavior [ RunTime:0.001000s ]
INFO: [ app_end ] --END-- [ RunTime:0.001000s ]

[ 2016-09-27T11:03:04+08:00 ] 127.0.0.1 /
INFO: [ app_init ] --START--
INFO: Run Behavior\BuildLiteBehavior [ RunTime:0.000000s ]
INFO: [ app_init ] --END-- [ RunTime:0.000000s ]
INFO: [ app_begin ] --START--
INFO: Run Behavior\ReadHtmlCacheBehavior [ RunTime:0.000000s ]
INFO: [ app_begin ] --END-- [ RunTime:0.000000s ]
SQL: SHOW COLUMNS FROM `admin_user` [ RunTime:0.0460s ]
NOTIC: [8] Undefined index: username E:\projects\PMsys\Project-platform\service\Apps\Home\Model\IndexModel.class.php 第 42 行.
SQL: SHOW COLUMNS FROM `session` [ RunTime:0.0480s ]
SQL: SELECT * FROM session as a INNER JOIN admin_user as b on a.s_uid=b.uid  WHERE ( b.alias='' ) LIMIT 1   [ RunTime:0.0440s ]
INFO: [ app_end ] --START--
INFO: Run Behavior\ShowPageTraceBehavior [ RunTime:0.001000s ]
INFO: [ app_end ] --END-- [ RunTime:0.001000s ]

[ 2016-09-27T11:03:04+08:00 ] 127.0.0.1 /
INFO: [ app_init ] --START--
INFO: Run Behavior\BuildLiteBehavior [ RunTime:0.000000s ]
INFO: [ app_init ] --END-- [ RunTime:0.000000s ]
INFO: [ app_begin ] --START--
INFO: Run Behavior\ReadHtmlCacheBehavior [ RunTime:0.000000s ]
INFO: [ app_begin ] --END-- [ RunTime:0.000000s ]
SQL: SHOW COLUMNS FROM `admin_user` [ RunTime:0.0570s ]
SQL: SHOW COLUMNS FROM `user_module` [ RunTime:0.0470s ]
SQL: SELECT a.mod_name,a.mod_url,d.uid FROM user_module as a,role_mod_relation as b,user_role_relation as c,admin_user as d WHERE ( a.mod_id=b.mod_id AND b.role_id=c.role_id AND c.uid=d.uid ) GROUP BY a.mod_id  [ RunTime:0.0470s ]
INFO: [ app_end ] --START--
INFO: Run Behavior\ShowPageTraceBehavior [ RunTime:0.001000s ]
INFO: [ app_end ] --END-- [ RunTime:0.001000s ]

[ 2016-09-27T11:03:05+08:00 ] 127.0.0.1 /
INFO: [ app_init ] --START--
INFO: Run Behavior\BuildLiteBehavior [ RunTime:0.000000s ]
INFO: [ app_init ] --END-- [ RunTime:0.000000s ]
INFO: [ app_begin ] --START--
INFO: Run Behavior\ReadHtmlCacheBehavior [ RunTime:0.000000s ]
INFO: [ app_begin ] --END-- [ RunTime:0.000000s ]
SQL: SHOW COLUMNS FROM `admin_user` [ RunTime:0.0480s ]
NOTIC: [8] Undefined index: username E:\projects\PMsys\Project-platform\service\Apps\Home\Model\IndexModel.class.php 第 42 行.
SQL: SHOW COLUMNS FROM `session` [ RunTime:0.0430s ]
SQL: SELECT * FROM session as a INNER JOIN admin_user as b on a.s_uid=b.uid  WHERE ( b.alias='' ) LIMIT 1   [ RunTime:0.0420s ]
INFO: [ app_end ] --START--
INFO: Run Behavior\ShowPageTraceBehavior [ RunTime:0.001000s ]
INFO: [ app_end ] --END-- [ RunTime:0.001000s ]

[ 2016-09-27T11:03:05+08:00 ] 127.0.0.1 /
INFO: [ app_init ] --START--
INFO: Run Behavior\BuildLiteBehavior [ RunTime:0.000000s ]
INFO: [ app_init ] --END-- [ RunTime:0.000000s ]
INFO: [ app_begin ] --START--
INFO: Run Behavior\ReadHtmlCacheBehavior [ RunTime:0.000000s ]
INFO: [ app_begin ] --END-- [ RunTime:0.000000s ]
SQL: SHOW COLUMNS FROM `admin_user` [ RunTime:0.0500s ]
SQL: SHOW COLUMNS FROM `user_module` [ RunTime:0.0500s ]
SQL: SELECT a.mod_name,a.mod_url,d.uid FROM user_module as a,role_mod_relation as b,user_role_relation as c,admin_user as d WHERE ( a.mod_id=b.mod_id AND b.role_id=c.role_id AND c.uid=d.uid ) GROUP BY a.mod_id  [ RunTime:0.0480s ]
INFO: [ app_end ] --START--
INFO: Run Behavior\ShowPageTraceBehavior [ RunTime:0.000000s ]
INFO: [ app_end ] --END-- [ RunTime:0.000000s ]

[ 2016-09-27T11:03:09+08:00 ] 127.0.0.1 /
INFO: [ app_init ] --START--
INFO: Run Behavior\BuildLiteBehavior [ RunTime:0.000000s ]
INFO: [ app_init ] --END-- [ RunTime:0.000000s ]
INFO: [ app_begin ] --START--
INFO: Run Behavior\ReadHtmlCacheBehavior [ RunTime:0.000000s ]
INFO: [ app_begin ] --END-- [ RunTime:0.000000s ]
SQL: SHOW COLUMNS FROM `admin_user` [ RunTime:0.0490s ]
NOTIC: [8] Undefined index: username E:\projects\PMsys\Project-platform\service\Apps\Home\Model\IndexModel.class.php 第 42 行.
SQL: SHOW COLUMNS FROM `session` [ RunTime:0.0480s ]
SQL: SELECT * FROM session as a INNER JOIN admin_user as b on a.s_uid=b.uid  WHERE ( b.alias='' ) LIMIT 1   [ RunTime:0.0480s ]
INFO: [ app_end ] --START--
INFO: Run Behavior\ShowPageTraceBehavior [ RunTime:0.001000s ]
INFO: [ app_end ] --END-- [ RunTime:0.001000s ]

[ 2016-09-27T11:03:09+08:00 ] 127.0.0.1 /
INFO: [ app_init ] --START--
INFO: Run Behavior\BuildLiteBehavior [ RunTime:0.000000s ]
INFO: [ app_init ] --END-- [ RunTime:0.000000s ]
INFO: [ app_begin ] --START--
INFO: Run Behavior\ReadHtmlCacheBehavior [ RunTime:0.000000s ]
INFO: [ app_begin ] --END-- [ RunTime:0.000000s ]
SQL: SHOW COLUMNS FROM `admin_user` [ RunTime:0.0450s ]
SQL: SHOW COLUMNS FROM `user_module` [ RunTime:0.0450s ]
SQL: SELECT a.mod_name,a.mod_url,d.uid FROM user_module as a,role_mod_relation as b,user_role_relation as c,admin_user as d WHERE ( a.mod_id=b.mod_id AND b.role_id=c.role_id AND c.uid=d.uid ) GROUP BY a.mod_id  [ RunTime:0.0480s ]
INFO: [ app_end ] --START--
INFO: Run Behavior\ShowPageTraceBehavior [ RunTime:0.001001s ]
INFO: [ app_end ] --END-- [ RunTime:0.001001s ]

[ 2016-09-27T11:03:12+08:00 ] 127.0.0.1 /
INFO: [ app_init ] --START--
INFO: Run Behavior\BuildLiteBehavior [ RunTime:0.000000s ]
INFO: [ app_init ] --END-- [ RunTime:0.000000s ]
INFO: [ app_begin ] --START--
INFO: Run Behavior\ReadHtmlCacheBehavior [ RunTime:0.001000s ]
INFO: [ app_begin ] --END-- [ RunTime:0.001000s ]
SQL: SHOW COLUMNS FROM `admin_user` [ RunTime:0.0460s ]
NOTIC: [8] Undefined index: username E:\projects\PMsys\Project-platform\service\Apps\Home\Model\IndexModel.class.php 第 42 行.
SQL: SHOW COLUMNS FROM `session` [ RunTime:0.0430s ]
SQL: SELECT * FROM session as a INNER JOIN admin_user as b on a.s_uid=b.uid  WHERE ( b.alias='' ) LIMIT 1   [ RunTime:0.0440s ]
INFO: [ app_end ] --START--
INFO: Run Behavior\ShowPageTraceBehavior [ RunTime:0.001000s ]
INFO: [ app_end ] --END-- [ RunTime:0.001000s ]

[ 2016-09-27T11:03:12+08:00 ] 127.0.0.1 /
INFO: [ app_init ] --START--
INFO: Run Behavior\BuildLiteBehavior [ RunTime:0.000000s ]
INFO: [ app_init ] --END-- [ RunTime:0.000000s ]
INFO: [ app_begin ] --START--
INFO: Run Behavior\ReadHtmlCacheBehavior [ RunTime:0.000000s ]
INFO: [ app_begin ] --END-- [ RunTime:0.000000s ]
SQL: SHOW COLUMNS FROM `admin_user` [ RunTime:0.0460s ]
SQL: SHOW COLUMNS FROM `user_module` [ RunTime:0.0450s ]
SQL: SELECT a.mod_name,a.mod_url,d.uid FROM user_module as a,role_mod_relation as b,user_role_relation as c,admin_user as d WHERE ( a.mod_id=b.mod_id AND b.role_id=c.role_id AND c.uid=d.uid ) GROUP BY a.mod_id  [ RunTime:0.0440s ]
INFO: [ app_end ] --START--
INFO: Run Behavior\ShowPageTraceBehavior [ RunTime:0.000000s ]
INFO: [ app_end ] --END-- [ RunTime:0.000000s ]

[ 2016-09-27T11:03:13+08:00 ] 127.0.0.1 /
INFO: [ app_init ] --START--
INFO: Run Behavior\BuildLiteBehavior [ RunTime:0.000000s ]
INFO: [ app_init ] --END-- [ RunTime:0.000000s ]
INFO: [ app_begin ] --START--
INFO: Run Behavior\ReadHtmlCacheBehavior [ RunTime:0.000000s ]
INFO: [ app_begin ] --END-- [ RunTime:0.000000s ]
SQL: SHOW COLUMNS FROM `admin_user` [ RunTime:0.0440s ]
NOTIC: [8] Undefined index: username E:\projects\PMsys\Project-platform\service\Apps\Home\Model\IndexModel.class.php 第 42 行.
SQL: SHOW COLUMNS FROM `session` [ RunTime:0.0470s ]
SQL: SELECT * FROM session as a INNER JOIN admin_user as b on a.s_uid=b.uid  WHERE ( b.alias='' ) LIMIT 1   [ RunTime:0.0460s ]
INFO: [ app_end ] --START--
INFO: Run Behavior\ShowPageTraceBehavior [ RunTime:0.000000s ]
INFO: [ app_end ] --END-- [ RunTime:0.000000s ]

[ 2016-09-27T11:03:14+08:00 ] 127.0.0.1 /
INFO: [ app_init ] --START--
INFO: Run Behavior\BuildLiteBehavior [ RunTime:0.000000s ]
INFO: [ app_init ] --END-- [ RunTime:0.000000s ]
INFO: [ app_begin ] --START--
INFO: Run Behavior\ReadHtmlCacheBehavior [ RunTime:0.000000s ]
INFO: [ app_begin ] --END-- [ RunTime:0.000000s ]
SQL: SHOW COLUMNS FROM `admin_user` [ RunTime:0.0500s ]
SQL: SHOW COLUMNS FROM `user_module` [ RunTime:0.0470s ]
SQL: SELECT a.mod_name,a.mod_url,d.uid FROM user_module as a,role_mod_relation as b,user_role_relation as c,admin_user as d WHERE ( a.mod_id=b.mod_id AND b.role_id=c.role_id AND c.uid=d.uid ) GROUP BY a.mod_id  [ RunTime:0.0510s ]
INFO: [ app_end ] --START--
INFO: Run Behavior\ShowPageTraceBehavior [ RunTime:0.000000s ]
INFO: [ app_end ] --END-- [ RunTime:0.000000s ]

[ 2016-09-27T11:03:15+08:00 ] 127.0.0.1 /
INFO: [ app_init ] --START--
INFO: Run Behavior\BuildLiteBehavior [ RunTime:0.000000s ]
INFO: [ app_init ] --END-- [ RunTime:0.001000s ]
INFO: [ app_begin ] --START--
INFO: Run Behavior\ReadHtmlCacheBehavior [ RunTime:0.000000s ]
INFO: [ app_begin ] --END-- [ RunTime:0.000000s ]
SQL: SHOW COLUMNS FROM `admin_user` [ RunTime:0.0450s ]
NOTIC: [8] Undefined index: username E:\projects\PMsys\Project-platform\service\Apps\Home\Model\IndexModel.class.php 第 42 行.
SQL: SHOW COLUMNS FROM `session` [ RunTime:0.0450s ]
SQL: SELECT * FROM session as a INNER JOIN admin_user as b on a.s_uid=b.uid  WHERE ( b.alias='' ) LIMIT 1   [ RunTime:0.0460s ]
INFO: [ app_end ] --START--
INFO: Run Behavior\ShowPageTraceBehavior [ RunTime:0.001000s ]
INFO: [ app_end ] --END-- [ RunTime:0.001000s ]

[ 2016-09-27T11:03:15+08:00 ] 127.0.0.1 /
INFO: [ app_init ] --START--
INFO: Run Behavior\BuildLiteBehavior [ RunTime:0.000000s ]
INFO: [ app_init ] --END-- [ RunTime:0.001000s ]
INFO: [ app_begin ] --START--
INFO: Run Behavior\ReadHtmlCacheBehavior [ RunTime:0.000000s ]
INFO: [ app_begin ] --END-- [ RunTime:0.000000s ]
SQL: SHOW COLUMNS FROM `admin_user` [ RunTime:0.0460s ]
SQL: SHOW COLUMNS FROM `user_module` [ RunTime:0.0430s ]
SQL: SELECT a.mod_name,a.mod_url,d.uid FROM user_module as a,role_mod_relation as b,user_role_relation as c,admin_user as d WHERE ( a.mod_id=b.mod_id AND b.role_id=c.role_id AND c.uid=d.uid ) GROUP BY a.mod_id  [ RunTime:0.0430s ]
INFO: [ app_end ] --START--
INFO: Run Behavior\ShowPageTraceBehavior [ RunTime:0.000000s ]
INFO: [ app_end ] --END-- [ RunTime:0.000000s ]

[ 2016-09-27T11:03:16+08:00 ] 127.0.0.1 /
INFO: [ app_init ] --START--
INFO: Run Behavior\BuildLiteBehavior [ RunTime:0.000000s ]
INFO: [ app_init ] --END-- [ RunTime:0.000000s ]
INFO: [ app_begin ] --START--
INFO: Run Behavior\ReadHtmlCacheBehavior [ RunTime:0.001000s ]
INFO: [ app_begin ] --END-- [ RunTime:0.001000s ]
SQL: SHOW COLUMNS FROM `admin_user` [ RunTime:0.0440s ]
NOTIC: [8] Undefined index: username E:\projects\PMsys\Project-platform\service\Apps\Home\Model\IndexModel.class.php 第 42 行.
SQL: SHOW COLUMNS FROM `session` [ RunTime:0.0420s ]
SQL: SELECT * FROM session as a INNER JOIN admin_user as b on a.s_uid=b.uid  WHERE ( b.alias='' ) LIMIT 1   [ RunTime:0.0450s ]
INFO: [ app_end ] --START--
INFO: Run Behavior\ShowPageTraceBehavior [ RunTime:0.001000s ]
INFO: [ app_end ] --END-- [ RunTime:0.001000s ]

[ 2016-09-27T11:03:17+08:00 ] 127.0.0.1 /
INFO: [ app_init ] --START--
INFO: Run Behavior\BuildLiteBehavior [ RunTime:0.000000s ]
INFO: [ app_init ] --END-- [ RunTime:0.000000s ]
INFO: [ app_begin ] --START--
INFO: Run Behavior\ReadHtmlCacheBehavior [ RunTime:0.001001s ]
INFO: [ app_begin ] --END-- [ RunTime:0.001001s ]
SQL: SHOW COLUMNS FROM `admin_user` [ RunTime:0.0540s ]
SQL: SHOW COLUMNS FROM `user_module` [ RunTime:0.0500s ]
SQL: SELECT a.mod_name,a.mod_url,d.uid FROM user_module as a,role_mod_relation as b,user_role_relation as c,admin_user as d WHERE ( a.mod_id=b.mod_id AND b.role_id=c.role_id AND c.uid=d.uid ) GROUP BY a.mod_id  [ RunTime:0.0460s ]
INFO: [ app_end ] --START--
INFO: Run Behavior\ShowPageTraceBehavior [ RunTime:0.001000s ]
INFO: [ app_end ] --END-- [ RunTime:0.001000s ]

[ 2016-09-27T11:03:17+08:00 ] 127.0.0.1 /
INFO: [ app_init ] --START--
INFO: Run Behavior\BuildLiteBehavior [ RunTime:0.000000s ]
INFO: [ app_init ] --END-- [ RunTime:0.000000s ]
INFO: [ app_begin ] --START--
INFO: Run Behavior\ReadHtmlCacheBehavior [ RunTime:0.000000s ]
INFO: [ app_begin ] --END-- [ RunTime:0.000000s ]
SQL: SHOW COLUMNS FROM `admin_user` [ RunTime:0.0460s ]
NOTIC: [8] Undefined index: username E:\projects\PMsys\Project-platform\service\Apps\Home\Model\IndexModel.class.php 第 42 行.
SQL: SHOW COLUMNS FROM `session` [ RunTime:0.0450s ]
SQL: SELECT * FROM session as a INNER JOIN admin_user as b on a.s_uid=b.uid  WHERE ( b.alias='' ) LIMIT 1   [ RunTime:0.0460s ]
INFO: [ app_end ] --START--
INFO: Run Behavior\ShowPageTraceBehavior [ RunTime:0.001000s ]
INFO: [ app_end ] --END-- [ RunTime:0.001000s ]

[ 2016-09-27T11:03:18+08:00 ] 127.0.0.1 /
INFO: [ app_init ] --START--
INFO: Run Behavior\BuildLiteBehavior [ RunTime:0.000000s ]
INFO: [ app_init ] --END-- [ RunTime:0.000000s ]
INFO: [ app_begin ] --START--
INFO: Run Behavior\ReadHtmlCacheBehavior [ RunTime:0.001000s ]
INFO: [ app_begin ] --END-- [ RunTime:0.001000s ]
SQL: SHOW COLUMNS FROM `admin_user` [ RunTime:0.0440s ]
SQL: SHOW COLUMNS FROM `user_module` [ RunTime:0.0820s ]
SQL: SELECT a.mod_name,a.mod_url,d.uid FROM user_module as a,role_mod_relation as b,user_role_relation as c,admin_user as d WHERE ( a.mod_id=b.mod_id AND b.role_id=c.role_id AND c.uid=d.uid ) GROUP BY a.mod_id  [ RunTime:0.0690s ]
INFO: [ app_end ] --START--
INFO: Run Behavior\ShowPageTraceBehavior [ RunTime:0.001000s ]
INFO: [ app_end ] --END-- [ RunTime:0.001000s ]

[ 2016-09-27T11:03:19+08:00 ] 127.0.0.1 /
INFO: [ app_init ] --START--
INFO: Run Behavior\BuildLiteBehavior [ RunTime:0.000000s ]
INFO: [ app_init ] --END-- [ RunTime:0.000000s ]
INFO: [ app_begin ] --START--
INFO: Run Behavior\ReadHtmlCacheBehavior [ RunTime:0.001000s ]
INFO: [ app_begin ] --END-- [ RunTime:0.001000s ]
SQL: SHOW COLUMNS FROM `admin_user` [ RunTime:0.0480s ]
NOTIC: [8] Undefined index: username E:\projects\PMsys\Project-platform\service\Apps\Home\Model\IndexModel.class.php 第 42 行.
SQL: SHOW COLUMNS FROM `session` [ RunTime:0.0480s ]
SQL: SELECT * FROM session as a INNER JOIN admin_user as b on a.s_uid=b.uid  WHERE ( b.alias='' ) LIMIT 1   [ RunTime:0.0480s ]
INFO: [ app_end ] --START--
INFO: Run Behavior\ShowPageTraceBehavior [ RunTime:0.001000s ]
INFO: [ app_end ] --END-- [ RunTime:0.001000s ]

[ 2016-09-27T11:03:19+08:00 ] 127.0.0.1 /
INFO: [ app_init ] --START--
INFO: Run Behavior\BuildLiteBehavior [ RunTime:0.000000s ]
INFO: [ app_init ] --END-- [ RunTime:0.000000s ]
INFO: [ app_begin ] --START--
INFO: Run Behavior\ReadHtmlCacheBehavior [ RunTime:0.001000s ]
INFO: [ app_begin ] --END-- [ RunTime:0.001000s ]
SQL: SHOW COLUMNS FROM `admin_user` [ RunTime:0.0450s ]
SQL: SHOW COLUMNS FROM `user_module` [ RunTime:0.0440s ]
SQL: SELECT a.mod_name,a.mod_url,d.uid FROM user_module as a,role_mod_relation as b,user_role_relation as c,admin_user as d WHERE ( a.mod_id=b.mod_id AND b.role_id=c.role_id AND c.uid=d.uid ) GROUP BY a.mod_id  [ RunTime:0.0440s ]
INFO: [ app_end ] --START--
INFO: Run Behavior\ShowPageTraceBehavior [ RunTime:0.000000s ]
INFO: [ app_end ] --END-- [ RunTime:0.000000s ]

[ 2016-09-27T11:06:35+08:00 ] 127.0.0.1 /
INFO: [ app_init ] --START--
INFO: Run Behavior\BuildLiteBehavior [ RunTime:0.000000s ]
INFO: [ app_init ] --END-- [ RunTime:0.000000s ]
INFO: [ app_begin ] --START--
INFO: Run Behavior\ReadHtmlCacheBehavior [ RunTime:0.001000s ]
INFO: [ app_begin ] --END-- [ RunTime:0.001000s ]
SQL: SHOW COLUMNS FROM `admin_user` [ RunTime:0.0570s ]
NOTIC: [8] Undefined index: username E:\projects\PMsys\Project-platform\service\Apps\Home\Model\IndexModel.class.php 第 42 行.
SQL: SHOW COLUMNS FROM `session` [ RunTime:0.0480s ]
SQL: SELECT * FROM session as a INNER JOIN admin_user as b on a.s_uid=b.uid  WHERE ( b.alias='' ) LIMIT 1   [ RunTime:0.0460s ]
INFO: [ app_end ] --START--
INFO: Run Behavior\ShowPageTraceBehavior [ RunTime:0.001000s ]
INFO: [ app_end ] --END-- [ RunTime:0.001000s ]

[ 2016-09-27T11:06:35+08:00 ] 127.0.0.1 /
INFO: [ app_init ] --START--
INFO: Run Behavior\BuildLiteBehavior [ RunTime:0.000000s ]
INFO: [ app_init ] --END-- [ RunTime:0.000000s ]
INFO: [ app_begin ] --START--
INFO: Run Behavior\ReadHtmlCacheBehavior [ RunTime:0.000000s ]
INFO: [ app_begin ] --END-- [ RunTime:0.000000s ]
SQL: SHOW COLUMNS FROM `admin_user` [ RunTime:0.0460s ]
SQL: SHOW COLUMNS FROM `user_module` [ RunTime:0.0480s ]
SQL: SELECT a.mod_name,a.mod_url,d.uid FROM user_module as a,role_mod_relation as b,user_role_relation as c,admin_user as d WHERE ( a.mod_id=b.mod_id AND b.role_id=c.role_id AND c.uid=d.uid ) GROUP BY a.mod_id  [ RunTime:0.0490s ]
INFO: [ app_end ] --START--
INFO: Run Behavior\ShowPageTraceBehavior [ RunTime:0.000000s ]
INFO: [ app_end ] --END-- [ RunTime:0.000000s ]

[ 2016-09-27T11:06:37+08:00 ] 127.0.0.1 /
INFO: [ app_init ] --START--
INFO: Run Behavior\BuildLiteBehavior [ RunTime:0.000000s ]
INFO: [ app_init ] --END-- [ RunTime:0.000000s ]
INFO: [ app_begin ] --START--
INFO: Run Behavior\ReadHtmlCacheBehavior [ RunTime:0.000000s ]
INFO: [ app_begin ] --END-- [ RunTime:0.000000s ]
SQL: SHOW COLUMNS FROM `admin_user` [ RunTime:0.0450s ]
NOTIC: [8] Undefined index: username E:\projects\PMsys\Project-platform\service\Apps\Home\Model\IndexModel.class.php 第 42 行.
SQL: SHOW COLUMNS FROM `session` [ RunTime:0.0470s ]
SQL: SELECT * FROM session as a INNER JOIN admin_user as b on a.s_uid=b.uid  WHERE ( b.alias='' ) LIMIT 1   [ RunTime:0.0460s ]
INFO: [ app_end ] --START--
INFO: Run Behavior\ShowPageTraceBehavior [ RunTime:0.000000s ]
INFO: [ app_end ] --END-- [ RunTime:0.000000s ]

[ 2016-09-27T11:06:38+08:00 ] 127.0.0.1 /
INFO: [ app_init ] --START--
INFO: Run Behavior\BuildLiteBehavior [ RunTime:0.000000s ]
INFO: [ app_init ] --END-- [ RunTime:0.000000s ]
INFO: [ app_begin ] --START--
INFO: Run Behavior\ReadHtmlCacheBehavior [ RunTime:0.000000s ]
INFO: [ app_begin ] --END-- [ RunTime:0.000000s ]
SQL: SHOW COLUMNS FROM `admin_user` [ RunTime:0.0420s ]
SQL: SHOW COLUMNS FROM `user_module` [ RunTime:0.0420s ]
SQL: SELECT a.mod_name,a.mod_url,d.uid FROM user_module as a,role_mod_relation as b,user_role_relation as c,admin_user as d WHERE ( a.mod_id=b.mod_id AND b.role_id=c.role_id AND c.uid=d.uid ) GROUP BY a.mod_id  [ RunTime:0.0430s ]
INFO: [ app_end ] --START--
INFO: Run Behavior\ShowPageTraceBehavior [ RunTime:0.000000s ]
INFO: [ app_end ] --END-- [ RunTime:0.000000s ]

[ 2016-09-27T11:06:45+08:00 ] 127.0.0.1 /
INFO: [ app_init ] --START--
INFO: Run Behavior\BuildLiteBehavior [ RunTime:0.000000s ]
INFO: [ app_init ] --END-- [ RunTime:0.000000s ]
INFO: [ app_begin ] --START--
INFO: Run Behavior\ReadHtmlCacheBehavior [ RunTime:0.000000s ]
INFO: [ app_begin ] --END-- [ RunTime:0.000000s ]
SQL: SHOW COLUMNS FROM `admin_user` [ RunTime:0.0500s ]
NOTIC: [8] Undefined index: username E:\projects\PMsys\Project-platform\service\Apps\Home\Model\IndexModel.class.php 第 42 行.
SQL: SHOW COLUMNS FROM `session` [ RunTime:0.0470s ]
SQL: SELECT * FROM session as a INNER JOIN admin_user as b on a.s_uid=b.uid  WHERE ( b.alias='' ) LIMIT 1   [ RunTime:0.0490s ]
INFO: [ app_end ] --START--
INFO: Run Behavior\ShowPageTraceBehavior [ RunTime:0.001000s ]
INFO: [ app_end ] --END-- [ RunTime:0.001000s ]

[ 2016-09-27T11:06:45+08:00 ] 127.0.0.1 /
INFO: [ app_init ] --START--
INFO: Run Behavior\BuildLiteBehavior [ RunTime:0.000000s ]
INFO: [ app_init ] --END-- [ RunTime:0.000000s ]
INFO: [ app_begin ] --START--
INFO: Run Behavior\ReadHtmlCacheBehavior [ RunTime:0.001001s ]
INFO: [ app_begin ] --END-- [ RunTime:0.001001s ]
SQL: SHOW COLUMNS FROM `admin_user` [ RunTime:0.0490s ]
SQL: SHOW COLUMNS FROM `user_module` [ RunTime:0.0470s ]
SQL: SELECT a.mod_name,a.mod_url,d.uid FROM user_module as a,role_mod_relation as b,user_role_relation as c,admin_user as d WHERE ( a.mod_id=b.mod_id AND b.role_id=c.role_id AND c.uid=d.uid ) GROUP BY a.mod_id  [ RunTime:0.0450s ]
INFO: [ app_end ] --START--
INFO: Run Behavior\ShowPageTraceBehavior [ RunTime:0.001000s ]
INFO: [ app_end ] --END-- [ RunTime:0.001000s ]

[ 2016-09-27T11:06:47+08:00 ] 127.0.0.1 /
INFO: [ app_init ] --START--
INFO: Run Behavior\BuildLiteBehavior [ RunTime:0.000000s ]
INFO: [ app_init ] --END-- [ RunTime:0.000000s ]
INFO: [ app_begin ] --START--
INFO: Run Behavior\ReadHtmlCacheBehavior [ RunTime:0.001000s ]
INFO: [ app_begin ] --END-- [ RunTime:0.001000s ]
SQL: SHOW COLUMNS FROM `admin_user` [ RunTime:0.0450s ]
NOTIC: [8] Undefined index: username E:\projects\PMsys\Project-platform\service\Apps\Home\Model\IndexModel.class.php 第 42 行.
SQL: SHOW COLUMNS FROM `session` [ RunTime:0.0460s ]
SQL: SELECT * FROM session as a INNER JOIN admin_user as b on a.s_uid=b.uid  WHERE ( b.alias='' ) LIMIT 1   [ RunTime:0.0520s ]
INFO: [ app_end ] --START--
INFO: Run Behavior\ShowPageTraceBehavior [ RunTime:0.001000s ]
INFO: [ app_end ] --END-- [ RunTime:0.001000s ]

[ 2016-09-27T11:06:47+08:00 ] 127.0.0.1 /
INFO: [ app_init ] --START--
INFO: Run Behavior\BuildLiteBehavior [ RunTime:0.000000s ]
INFO: [ app_init ] --END-- [ RunTime:0.000000s ]
INFO: [ app_begin ] --START--
INFO: Run Behavior\ReadHtmlCacheBehavior [ RunTime:0.000000s ]
INFO: [ app_begin ] --END-- [ RunTime:0.000000s ]
SQL: SHOW COLUMNS FROM `admin_user` [ RunTime:0.0480s ]
SQL: SHOW COLUMNS FROM `user_module` [ RunTime:0.0470s ]
SQL: SELECT a.mod_name,a.mod_url,d.uid FROM user_module as a,role_mod_relation as b,user_role_relation as c,admin_user as d WHERE ( a.mod_id=b.mod_id AND b.role_id=c.role_id AND c.uid=d.uid ) GROUP BY a.mod_id  [ RunTime:0.0480s ]
INFO: [ app_end ] --START--
INFO: Run Behavior\ShowPageTraceBehavior [ RunTime:0.001000s ]
INFO: [ app_end ] --END-- [ RunTime:0.001000s ]

[ 2016-09-27T11:09:04+08:00 ] 127.0.0.1 /
INFO: [ app_init ] --START--
INFO: Run Behavior\BuildLiteBehavior [ RunTime:0.000000s ]
INFO: [ app_init ] --END-- [ RunTime:0.000000s ]
INFO: [ app_begin ] --START--
INFO: Run Behavior\ReadHtmlCacheBehavior [ RunTime:0.000000s ]
INFO: [ app_begin ] --END-- [ RunTime:0.000000s ]
SQL: SHOW COLUMNS FROM `admin_user` [ RunTime:0.0800s ]
NOTIC: [8] Undefined index: username E:\projects\PMsys\Project-platform\service\Apps\Home\Model\IndexModel.class.php 第 42 行.
SQL: SHOW COLUMNS FROM `session` [ RunTime:0.1180s ]
SQL: SELECT * FROM session as a INNER JOIN admin_user as b on a.s_uid=b.uid  WHERE ( b.alias='' ) LIMIT 1   [ RunTime:0.1940s ]
INFO: [ app_end ] --START--
INFO: Run Behavior\ShowPageTraceBehavior [ RunTime:0.000000s ]
INFO: [ app_end ] --END-- [ RunTime:0.000000s ]

[ 2016-09-27T11:09:04+08:00 ] 127.0.0.1 /
INFO: [ app_init ] --START--
INFO: Run Behavior\BuildLiteBehavior [ RunTime:0.000000s ]
INFO: [ app_init ] --END-- [ RunTime:0.000000s ]
INFO: [ app_begin ] --START--
INFO: Run Behavior\ReadHtmlCacheBehavior [ RunTime:0.001000s ]
INFO: [ app_begin ] --END-- [ RunTime:0.001000s ]
SQL: SHOW COLUMNS FROM `admin_user` [ RunTime:0.0450s ]
SQL: SHOW COLUMNS FROM `user_module` [ RunTime:0.0540s ]
SQL: SELECT a.mod_name,a.mod_url,d.uid FROM user_module as a,role_mod_relation as b,user_role_relation as c,admin_user as d WHERE ( a.mod_id=b.mod_id AND b.role_id=c.role_id AND c.uid=d.uid ) GROUP BY a.mod_id  [ RunTime:0.0450s ]
INFO: [ app_end ] --START--
INFO: Run Behavior\ShowPageTraceBehavior [ RunTime:0.000000s ]
INFO: [ app_end ] --END-- [ RunTime:0.000000s ]

[ 2016-09-27T11:09:06+08:00 ] 127.0.0.1 /
INFO: [ app_init ] --START--
INFO: Run Behavior\BuildLiteBehavior [ RunTime:0.000000s ]
INFO: [ app_init ] --END-- [ RunTime:0.000000s ]
INFO: [ app_begin ] --START--
INFO: Run Behavior\ReadHtmlCacheBehavior [ RunTime:0.001000s ]
INFO: [ app_begin ] --END-- [ RunTime:0.001000s ]
SQL: SHOW COLUMNS FROM `admin_user` [ RunTime:0.0500s ]
NOTIC: [8] Undefined index: username E:\projects\PMsys\Project-platform\service\Apps\Home\Model\IndexModel.class.php 第 42 行.
SQL: SHOW COLUMNS FROM `session` [ RunTime:0.0500s ]
SQL: SELECT * FROM session as a INNER JOIN admin_user as b on a.s_uid=b.uid  WHERE ( b.alias='' ) LIMIT 1   [ RunTime:0.0490s ]
INFO: [ app_end ] --START--
INFO: Run Behavior\ShowPageTraceBehavior [ RunTime:0.000000s ]
INFO: [ app_end ] --END-- [ RunTime:0.000000s ]

[ 2016-09-27T11:09:06+08:00 ] 127.0.0.1 /
INFO: [ app_init ] --START--
INFO: Run Behavior\BuildLiteBehavior [ RunTime:0.000000s ]
INFO: [ app_init ] --END-- [ RunTime:0.000000s ]
INFO: [ app_begin ] --START--
INFO: Run Behavior\ReadHtmlCacheBehavior [ RunTime:0.000000s ]
INFO: [ app_begin ] --END-- [ RunTime:0.000000s ]
SQL: SHOW COLUMNS FROM `admin_user` [ RunTime:0.0470s ]
SQL: SHOW COLUMNS FROM `user_module` [ RunTime:0.0490s ]
SQL: SELECT a.mod_name,a.mod_url,d.uid FROM user_module as a,role_mod_relation as b,user_role_relation as c,admin_user as d WHERE ( a.mod_id=b.mod_id AND b.role_id=c.role_id AND c.uid=d.uid ) GROUP BY a.mod_id  [ RunTime:0.0500s ]
INFO: [ app_end ] --START--
INFO: Run Behavior\ShowPageTraceBehavior [ RunTime:0.000000s ]
INFO: [ app_end ] --END-- [ RunTime:0.001000s ]

[ 2016-09-27T11:09:08+08:00 ] 127.0.0.1 /
INFO: [ app_init ] --START--
INFO: Run Behavior\BuildLiteBehavior [ RunTime:0.000000s ]
INFO: [ app_init ] --END-- [ RunTime:0.000000s ]
INFO: [ app_begin ] --START--
INFO: Run Behavior\ReadHtmlCacheBehavior [ RunTime:0.000000s ]
INFO: [ app_begin ] --END-- [ RunTime:0.000000s ]
SQL: SHOW COLUMNS FROM `admin_user` [ RunTime:0.0480s ]
NOTIC: [8] Undefined index: username E:\projects\PMsys\Project-platform\service\Apps\Home\Model\IndexModel.class.php 第 42 行.
SQL: SHOW COLUMNS FROM `session` [ RunTime:0.0470s ]
SQL: SELECT * FROM session as a INNER JOIN admin_user as b on a.s_uid=b.uid  WHERE ( b.alias='' ) LIMIT 1   [ RunTime:0.0530s ]
INFO: [ app_end ] --START--
INFO: Run Behavior\ShowPageTraceBehavior [ RunTime:0.001000s ]
INFO: [ app_end ] --END-- [ RunTime:0.001000s ]

[ 2016-09-27T11:09:08+08:00 ] 127.0.0.1 /
INFO: [ app_init ] --START--
INFO: Run Behavior\BuildLiteBehavior [ RunTime:0.000000s ]
INFO: [ app_init ] --END-- [ RunTime:0.000000s ]
INFO: [ app_begin ] --START--
INFO: Run Behavior\ReadHtmlCacheBehavior [ RunTime:0.001000s ]
INFO: [ app_begin ] --END-- [ RunTime:0.001000s ]
SQL: SHOW COLUMNS FROM `admin_user` [ RunTime:0.0450s ]
SQL: SHOW COLUMNS FROM `user_module` [ RunTime:0.0450s ]
SQL: SELECT a.mod_name,a.mod_url,d.uid FROM user_module as a,role_mod_relation as b,user_role_relation as c,admin_user as d WHERE ( a.mod_id=b.mod_id AND b.role_id=c.role_id AND c.uid=d.uid ) GROUP BY a.mod_id  [ RunTime:0.0440s ]
INFO: [ app_end ] --START--
INFO: Run Behavior\ShowPageTraceBehavior [ RunTime:0.001000s ]
INFO: [ app_end ] --END-- [ RunTime:0.001000s ]

[ 2016-09-27T11:09:16+08:00 ] 127.0.0.1 /
INFO: [ app_init ] --START--
INFO: Run Behavior\BuildLiteBehavior [ RunTime:0.000000s ]
INFO: [ app_init ] --END-- [ RunTime:0.000000s ]
INFO: [ app_begin ] --START--
INFO: Run Behavior\ReadHtmlCacheBehavior [ RunTime:0.000000s ]
INFO: [ app_begin ] --END-- [ RunTime:0.001000s ]
SQL: SHOW COLUMNS FROM `admin_user` [ RunTime:0.0470s ]
NOTIC: [8] Undefined index: username E:\projects\PMsys\Project-platform\service\Apps\Home\Model\IndexModel.class.php 第 42 行.
SQL: SHOW COLUMNS FROM `session` [ RunTime:0.0450s ]
SQL: SELECT * FROM session as a INNER JOIN admin_user as b on a.s_uid=b.uid  WHERE ( b.alias='' ) LIMIT 1   [ RunTime:0.0460s ]
INFO: [ app_end ] --START--
INFO: Run Behavior\ShowPageTraceBehavior [ RunTime:0.000000s ]
INFO: [ app_end ] --END-- [ RunTime:0.000000s ]

[ 2016-09-27T11:09:16+08:00 ] 127.0.0.1 /
INFO: [ app_init ] --START--
INFO: Run Behavior\BuildLiteBehavior [ RunTime:0.000000s ]
INFO: [ app_init ] --END-- [ RunTime:0.000000s ]
INFO: [ app_begin ] --START--
INFO: Run Behavior\ReadHtmlCacheBehavior [ RunTime:0.000000s ]
INFO: [ app_begin ] --END-- [ RunTime:0.001000s ]
SQL: SHOW COLUMNS FROM `admin_user` [ RunTime:0.0500s ]
SQL: SHOW COLUMNS FROM `user_module` [ RunTime:0.0520s ]
SQL: SELECT a.mod_name,a.mod_url,d.uid FROM user_module as a,role_mod_relation as b,user_role_relation as c,admin_user as d WHERE ( a.mod_id=b.mod_id AND b.role_id=c.role_id AND c.uid=d.uid ) GROUP BY a.mod_id  [ RunTime:0.0490s ]
INFO: [ app_end ] --START--
INFO: Run Behavior\ShowPageTraceBehavior [ RunTime:0.000000s ]
INFO: [ app_end ] --END-- [ RunTime:0.000000s ]

[ 2016-09-27T11:09:17+08:00 ] 127.0.0.1 /
INFO: [ app_init ] --START--
INFO: Run Behavior\BuildLiteBehavior [ RunTime:0.000000s ]
INFO: [ app_init ] --END-- [ RunTime:0.000000s ]
INFO: [ app_begin ] --START--
INFO: Run Behavior\ReadHtmlCacheBehavior [ RunTime:0.000000s ]
INFO: [ app_begin ] --END-- [ RunTime:0.000000s ]
SQL: SHOW COLUMNS FROM `admin_user` [ RunTime:0.0470s ]
NOTIC: [8] Undefined index: username E:\projects\PMsys\Project-platform\service\Apps\Home\Model\IndexModel.class.php 第 42 行.
SQL: SHOW COLUMNS FROM `session` [ RunTime:0.0450s ]
SQL: SELECT * FROM session as a INNER JOIN admin_user as b on a.s_uid=b.uid  WHERE ( b.alias='' ) LIMIT 1   [ RunTime:0.0470s ]
INFO: [ app_end ] --START--
INFO: Run Behavior\ShowPageTraceBehavior [ RunTime:0.000000s ]
INFO: [ app_end ] --END-- [ RunTime:0.000000s ]

[ 2016-09-27T11:09:18+08:00 ] 127.0.0.1 /
INFO: [ app_init ] --START--
INFO: Run Behavior\BuildLiteBehavior [ RunTime:0.000000s ]
INFO: [ app_init ] --END-- [ RunTime:0.000000s ]
INFO: [ app_begin ] --START--
INFO: Run Behavior\ReadHtmlCacheBehavior [ RunTime:0.000000s ]
INFO: [ app_begin ] --END-- [ RunTime:0.000000s ]
SQL: SHOW COLUMNS FROM `admin_user` [ RunTime:0.0600s ]
SQL: SHOW COLUMNS FROM `user_module` [ RunTime:0.0500s ]
SQL: SELECT a.mod_name,a.mod_url,d.uid FROM user_module as a,role_mod_relation as b,user_role_relation as c,admin_user as d WHERE ( a.mod_id=b.mod_id AND b.role_id=c.role_id AND c.uid=d.uid ) GROUP BY a.mod_id  [ RunTime:0.0450s ]
INFO: [ app_end ] --START--
INFO: Run Behavior\ShowPageTraceBehavior [ RunTime:0.000000s ]
INFO: [ app_end ] --END-- [ RunTime:0.000000s ]

[ 2016-09-27T11:09:30+08:00 ] 127.0.0.1 /
INFO: [ app_init ] --START--
INFO: Run Behavior\BuildLiteBehavior [ RunTime:0.000000s ]
INFO: [ app_init ] --END-- [ RunTime:0.000000s ]
INFO: [ app_begin ] --START--
INFO: Run Behavior\ReadHtmlCacheBehavior [ RunTime:0.000000s ]
INFO: [ app_begin ] --END-- [ RunTime:0.000000s ]
SQL: SHOW COLUMNS FROM `admin_user` [ RunTime:0.0480s ]
NOTIC: [8] Undefined index: username E:\projects\PMsys\Project-platform\service\Apps\Home\Model\IndexModel.class.php 第 42 行.
SQL: SHOW COLUMNS FROM `session` [ RunTime:0.0460s ]
SQL: SELECT * FROM session as a INNER JOIN admin_user as b on a.s_uid=b.uid  WHERE ( b.alias='' ) LIMIT 1   [ RunTime:0.0510s ]
INFO: [ app_end ] --START--
INFO: Run Behavior\ShowPageTraceBehavior [ RunTime:0.000000s ]
INFO: [ app_end ] --END-- [ RunTime:0.000000s ]

[ 2016-09-27T11:09:30+08:00 ] 127.0.0.1 /
INFO: [ app_init ] --START--
INFO: Run Behavior\BuildLiteBehavior [ RunTime:0.000000s ]
INFO: [ app_init ] --END-- [ RunTime:0.000000s ]
INFO: [ app_begin ] --START--
INFO: Run Behavior\ReadHtmlCacheBehavior [ RunTime:0.000000s ]
INFO: [ app_begin ] --END-- [ RunTime:0.000000s ]
SQL: SHOW COLUMNS FROM `admin_user` [ RunTime:0.0520s ]
SQL: SHOW COLUMNS FROM `user_module` [ RunTime:0.0490s ]
SQL: SELECT a.mod_name,a.mod_url,d.uid FROM user_module as a,role_mod_relation as b,user_role_relation as c,admin_user as d WHERE ( a.mod_id=b.mod_id AND b.role_id=c.role_id AND c.uid=d.uid ) GROUP BY a.mod_id  [ RunTime:0.0510s ]
INFO: [ app_end ] --START--
INFO: Run Behavior\ShowPageTraceBehavior [ RunTime:0.000000s ]
INFO: [ app_end ] --END-- [ RunTime:0.000000s ]

[ 2016-09-27T11:09:32+08:00 ] 127.0.0.1 /
INFO: [ app_init ] --START--
INFO: Run Behavior\BuildLiteBehavior [ RunTime:0.000000s ]
INFO: [ app_init ] --END-- [ RunTime:0.000000s ]
INFO: [ app_begin ] --START--
INFO: Run Behavior\ReadHtmlCacheBehavior [ RunTime:0.000000s ]
INFO: [ app_begin ] --END-- [ RunTime:0.000000s ]
SQL: SHOW COLUMNS FROM `admin_user` [ RunTime:0.0490s ]
NOTIC: [8] Undefined index: username E:\projects\PMsys\Project-platform\service\Apps\Home\Model\IndexModel.class.php 第 42 行.
SQL: SHOW COLUMNS FROM `session` [ RunTime:0.0440s ]
SQL: SELECT * FROM session as a INNER JOIN admin_user as b on a.s_uid=b.uid  WHERE ( b.alias='' ) LIMIT 1   [ RunTime:0.0450s ]
INFO: [ app_end ] --START--
INFO: Run Behavior\ShowPageTraceBehavior [ RunTime:0.000000s ]
INFO: [ app_end ] --END-- [ RunTime:0.000000s ]

[ 2016-09-27T11:09:32+08:00 ] 127.0.0.1 /
INFO: [ app_init ] --START--
INFO: Run Behavior\BuildLiteBehavior [ RunTime:0.000000s ]
INFO: [ app_init ] --END-- [ RunTime:0.000000s ]
INFO: [ app_begin ] --START--
INFO: Run Behavior\ReadHtmlCacheBehavior [ RunTime:0.000000s ]
INFO: [ app_begin ] --END-- [ RunTime:0.000000s ]
SQL: SHOW COLUMNS FROM `admin_user` [ RunTime:0.0460s ]
SQL: SHOW COLUMNS FROM `user_module` [ RunTime:0.0480s ]
SQL: SELECT a.mod_name,a.mod_url,d.uid FROM user_module as a,role_mod_relation as b,user_role_relation as c,admin_user as d WHERE ( a.mod_id=b.mod_id AND b.role_id=c.role_id AND c.uid=d.uid ) GROUP BY a.mod_id  [ RunTime:0.0460s ]
INFO: [ app_end ] --START--
INFO: Run Behavior\ShowPageTraceBehavior [ RunTime:0.001000s ]
INFO: [ app_end ] --END-- [ RunTime:0.001000s ]

[ 2016-09-27T11:09:34+08:00 ] 127.0.0.1 /
INFO: [ app_init ] --START--
INFO: Run Behavior\BuildLiteBehavior [ RunTime:0.000000s ]
INFO: [ app_init ] --END-- [ RunTime:0.000000s ]
INFO: [ app_begin ] --START--
INFO: Run Behavior\ReadHtmlCacheBehavior [ RunTime:0.000000s ]
INFO: [ app_begin ] --END-- [ RunTime:0.000000s ]
SQL: SHOW COLUMNS FROM `admin_user` [ RunTime:0.0490s ]
NOTIC: [8] Undefined index: username E:\projects\PMsys\Project-platform\service\Apps\Home\Model\IndexModel.class.php 第 42 行.
SQL: SHOW COLUMNS FROM `session` [ RunTime:0.0480s ]
SQL: SELECT * FROM session as a INNER JOIN admin_user as b on a.s_uid=b.uid  WHERE ( b.alias='' ) LIMIT 1   [ RunTime:0.0510s ]
INFO: [ app_end ] --START--
INFO: Run Behavior\ShowPageTraceBehavior [ RunTime:0.000000s ]
INFO: [ app_end ] --END-- [ RunTime:0.000000s ]

[ 2016-09-27T11:09:35+08:00 ] 127.0.0.1 /
INFO: [ app_init ] --START--
INFO: Run Behavior\BuildLiteBehavior [ RunTime:0.000000s ]
INFO: [ app_init ] --END-- [ RunTime:0.000000s ]
INFO: [ app_begin ] --START--
INFO: Run Behavior\ReadHtmlCacheBehavior [ RunTime:0.000000s ]
INFO: [ app_begin ] --END-- [ RunTime:0.000000s ]
SQL: SHOW COLUMNS FROM `admin_user` [ RunTime:0.0480s ]
SQL: SHOW COLUMNS FROM `user_module` [ RunTime:0.0470s ]
SQL: SELECT a.mod_name,a.mod_url,d.uid FROM user_module as a,role_mod_relation as b,user_role_relation as c,admin_user as d WHERE ( a.mod_id=b.mod_id AND b.role_id=c.role_id AND c.uid=d.uid ) GROUP BY a.mod_id  [ RunTime:0.0480s ]
INFO: [ app_end ] --START--
INFO: Run Behavior\ShowPageTraceBehavior [ RunTime:0.001000s ]
INFO: [ app_end ] --END-- [ RunTime:0.001000s ]

[ 2016-09-27T11:09:36+08:00 ] 127.0.0.1 /
INFO: [ app_init ] --START--
INFO: Run Behavior\BuildLiteBehavior [ RunTime:0.000000s ]
INFO: [ app_init ] --END-- [ RunTime:0.000000s ]
INFO: [ app_begin ] --START--
INFO: Run Behavior\ReadHtmlCacheBehavior [ RunTime:0.000000s ]
INFO: [ app_begin ] --END-- [ RunTime:0.000000s ]
SQL: SHOW COLUMNS FROM `admin_user` [ RunTime:0.0420s ]
NOTIC: [8] Undefined index: username E:\projects\PMsys\Project-platform\service\Apps\Home\Model\IndexModel.class.php 第 42 行.
SQL: SHOW COLUMNS FROM `session` [ RunTime:0.0420s ]
SQL: SELECT * FROM session as a INNER JOIN admin_user as b on a.s_uid=b.uid  WHERE ( b.alias='' ) LIMIT 1   [ RunTime:0.0430s ]
INFO: [ app_end ] --START--
INFO: Run Behavior\ShowPageTraceBehavior [ RunTime:0.000000s ]
INFO: [ app_end ] --END-- [ RunTime:0.000000s ]

[ 2016-09-27T11:09:36+08:00 ] 127.0.0.1 /
INFO: [ app_init ] --START--
INFO: Run Behavior\BuildLiteBehavior [ RunTime:0.000000s ]
INFO: [ app_init ] --END-- [ RunTime:0.001000s ]
INFO: [ app_begin ] --START--
INFO: Run Behavior\ReadHtmlCacheBehavior [ RunTime:0.000000s ]
INFO: [ app_begin ] --END-- [ RunTime:0.000000s ]
SQL: SHOW COLUMNS FROM `admin_user` [ RunTime:0.0510s ]
SQL: SHOW COLUMNS FROM `user_module` [ RunTime:0.0470s ]
SQL: SELECT a.mod_name,a.mod_url,d.uid FROM user_module as a,role_mod_relation as b,user_role_relation as c,admin_user as d WHERE ( a.mod_id=b.mod_id AND b.role_id=c.role_id AND c.uid=d.uid ) GROUP BY a.mod_id  [ RunTime:0.0460s ]
INFO: [ app_end ] --START--
INFO: Run Behavior\ShowPageTraceBehavior [ RunTime:0.001000s ]
INFO: [ app_end ] --END-- [ RunTime:0.001000s ]

[ 2016-09-27T11:17:04+08:00 ] 127.0.0.1 /
INFO: [ app_init ] --START--
INFO: Run Behavior\BuildLiteBehavior [ RunTime:0.000000s ]
INFO: [ app_init ] --END-- [ RunTime:0.000000s ]
INFO: [ app_begin ] --START--
INFO: Run Behavior\ReadHtmlCacheBehavior [ RunTime:0.000000s ]
INFO: [ app_begin ] --END-- [ RunTime:0.000000s ]
SQL: SHOW COLUMNS FROM `admin_user` [ RunTime:0.0500s ]
NOTIC: [8] Undefined index: username E:\projects\PMsys\Project-platform\service\Apps\Home\Model\IndexModel.class.php 第 42 行.
SQL: SHOW COLUMNS FROM `session` [ RunTime:0.0470s ]
SQL: SELECT * FROM session as a INNER JOIN admin_user as b on a.s_uid=b.uid  WHERE ( b.alias='' ) LIMIT 1   [ RunTime:0.0440s ]
INFO: [ app_end ] --START--
INFO: Run Behavior\ShowPageTraceBehavior [ RunTime:0.001000s ]
INFO: [ app_end ] --END-- [ RunTime:0.001000s ]

[ 2016-09-27T11:17:05+08:00 ] 127.0.0.1 /
INFO: [ app_init ] --START--
INFO: Run Behavior\BuildLiteBehavior [ RunTime:0.000000s ]
INFO: [ app_init ] --END-- [ RunTime:0.000000s ]
INFO: [ app_begin ] --START--
INFO: Run Behavior\ReadHtmlCacheBehavior [ RunTime:0.000000s ]
INFO: [ app_begin ] --END-- [ RunTime:0.000000s ]
SQL: SHOW COLUMNS FROM `admin_user` [ RunTime:0.0480s ]
SQL: SHOW COLUMNS FROM `user_module` [ RunTime:0.0510s ]
SQL: SELECT a.mod_name,a.mod_url,d.uid FROM user_module as a,role_mod_relation as b,user_role_relation as c,admin_user as d WHERE ( a.mod_id=b.mod_id AND b.role_id=c.role_id AND c.uid=d.uid ) GROUP BY a.mod_id  [ RunTime:0.0480s ]
INFO: [ app_end ] --START--
INFO: Run Behavior\ShowPageTraceBehavior [ RunTime:0.001000s ]
INFO: [ app_end ] --END-- [ RunTime:0.001000s ]

[ 2016-09-27T11:17:07+08:00 ] 127.0.0.1 /
INFO: [ app_init ] --START--
INFO: Run Behavior\BuildLiteBehavior [ RunTime:0.000000s ]
INFO: [ app_init ] --END-- [ RunTime:0.000000s ]
INFO: [ app_begin ] --START--
INFO: Run Behavior\ReadHtmlCacheBehavior [ RunTime:0.000000s ]
INFO: [ app_begin ] --END-- [ RunTime:0.000000s ]
SQL: SHOW COLUMNS FROM `admin_user` [ RunTime:0.0440s ]
NOTIC: [8] Undefined index: username E:\projects\PMsys\Project-platform\service\Apps\Home\Model\IndexModel.class.php 第 42 行.
SQL: SHOW COLUMNS FROM `session` [ RunTime:0.0450s ]
SQL: SELECT * FROM session as a INNER JOIN admin_user as b on a.s_uid=b.uid  WHERE ( b.alias='' ) LIMIT 1   [ RunTime:0.0440s ]
INFO: [ app_end ] --START--
INFO: Run Behavior\ShowPageTraceBehavior [ RunTime:0.001000s ]
INFO: [ app_end ] --END-- [ RunTime:0.001000s ]

[ 2016-09-27T11:17:07+08:00 ] 127.0.0.1 /
INFO: [ app_init ] --START--
INFO: Run Behavior\BuildLiteBehavior [ RunTime:0.000000s ]
INFO: [ app_init ] --END-- [ RunTime:0.000000s ]
INFO: [ app_begin ] --START--
INFO: Run Behavior\ReadHtmlCacheBehavior [ RunTime:0.000000s ]
INFO: [ app_begin ] --END-- [ RunTime:0.000000s ]
SQL: SHOW COLUMNS FROM `admin_user` [ RunTime:0.0460s ]
SQL: SHOW COLUMNS FROM `user_module` [ RunTime:0.0470s ]
SQL: SELECT a.mod_name,a.mod_url,d.uid FROM user_module as a,role_mod_relation as b,user_role_relation as c,admin_user as d WHERE ( a.mod_id=b.mod_id AND b.role_id=c.role_id AND c.uid=d.uid ) GROUP BY a.mod_id  [ RunTime:0.0440s ]
INFO: [ app_end ] --START--
INFO: Run Behavior\ShowPageTraceBehavior [ RunTime:0.000000s ]
INFO: [ app_end ] --END-- [ RunTime:0.000000s ]

[ 2016-09-27T11:17:08+08:00 ] 127.0.0.1 /
INFO: [ app_init ] --START--
INFO: Run Behavior\BuildLiteBehavior [ RunTime:0.000000s ]
INFO: [ app_init ] --END-- [ RunTime:0.000000s ]
INFO: [ app_begin ] --START--
INFO: Run Behavior\ReadHtmlCacheBehavior [ RunTime:0.000000s ]
INFO: [ app_begin ] --END-- [ RunTime:0.000000s ]
SQL: SHOW COLUMNS FROM `admin_user` [ RunTime:0.0480s ]
NOTIC: [8] Undefined index: username E:\projects\PMsys\Project-platform\service\Apps\Home\Model\IndexModel.class.php 第 42 行.
SQL: SHOW COLUMNS FROM `session` [ RunTime:0.0460s ]
SQL: SELECT * FROM session as a INNER JOIN admin_user as b on a.s_uid=b.uid  WHERE ( b.alias='' ) LIMIT 1   [ RunTime:0.0470s ]
INFO: [ app_end ] --START--
INFO: Run Behavior\ShowPageTraceBehavior [ RunTime:0.001000s ]
INFO: [ app_end ] --END-- [ RunTime:0.001000s ]

[ 2016-09-27T11:17:08+08:00 ] 127.0.0.1 /
INFO: [ app_init ] --START--
INFO: Run Behavior\BuildLiteBehavior [ RunTime:0.000000s ]
INFO: [ app_init ] --END-- [ RunTime:0.000000s ]
INFO: [ app_begin ] --START--
INFO: Run Behavior\ReadHtmlCacheBehavior [ RunTime:0.000000s ]
INFO: [ app_begin ] --END-- [ RunTime:0.000000s ]
SQL: SHOW COLUMNS FROM `admin_user` [ RunTime:0.0470s ]
SQL: SHOW COLUMNS FROM `user_module` [ RunTime:0.0480s ]
SQL: SELECT a.mod_name,a.mod_url,d.uid FROM user_module as a,role_mod_relation as b,user_role_relation as c,admin_user as d WHERE ( a.mod_id=b.mod_id AND b.role_id=c.role_id AND c.uid=d.uid ) GROUP BY a.mod_id  [ RunTime:0.0460s ]
INFO: [ app_end ] --START--
INFO: Run Behavior\ShowPageTraceBehavior [ RunTime:0.000000s ]
INFO: [ app_end ] --END-- [ RunTime:0.001000s ]

[ 2016-09-27T11:20:08+08:00 ] 127.0.0.1 /
INFO: [ app_init ] --START--
INFO: Run Behavior\BuildLiteBehavior [ RunTime:0.000000s ]
INFO: [ app_init ] --END-- [ RunTime:0.000000s ]
INFO: [ app_begin ] --START--
INFO: Run Behavior\ReadHtmlCacheBehavior [ RunTime:0.001000s ]
INFO: [ app_begin ] --END-- [ RunTime:0.001000s ]
SQL: SHOW COLUMNS FROM `admin_user` [ RunTime:0.0440s ]
NOTIC: [8] Undefined index: username E:\projects\PMsys\Project-platform\service\Apps\Home\Model\IndexModel.class.php 第 42 行.
SQL: SHOW COLUMNS FROM `session` [ RunTime:0.0440s ]
SQL: SELECT * FROM session as a INNER JOIN admin_user as b on a.s_uid=b.uid  WHERE ( b.alias='' ) LIMIT 1   [ RunTime:0.0440s ]
INFO: [ app_end ] --START--
INFO: Run Behavior\ShowPageTraceBehavior [ RunTime:0.000000s ]
INFO: [ app_end ] --END-- [ RunTime:0.000000s ]

[ 2016-09-27T11:20:08+08:00 ] 127.0.0.1 /
INFO: [ app_init ] --START--
INFO: Run Behavior\BuildLiteBehavior [ RunTime:0.000000s ]
INFO: [ app_init ] --END-- [ RunTime:0.000000s ]
INFO: [ app_begin ] --START--
INFO: Run Behavior\ReadHtmlCacheBehavior [ RunTime:0.000000s ]
INFO: [ app_begin ] --END-- [ RunTime:0.000000s ]
SQL: SHOW COLUMNS FROM `admin_user` [ RunTime:0.0450s ]
SQL: SHOW COLUMNS FROM `user_module` [ RunTime:0.0460s ]
SQL: SELECT a.mod_name,a.mod_url,d.uid FROM user_module as a,role_mod_relation as b,user_role_relation as c,admin_user as d WHERE ( a.mod_id=b.mod_id AND b.role_id=c.role_id AND c.uid=d.uid ) GROUP BY a.mod_id  [ RunTime:0.0470s ]
INFO: [ app_end ] --START--
INFO: Run Behavior\ShowPageTraceBehavior [ RunTime:0.001000s ]
INFO: [ app_end ] --END-- [ RunTime:0.001000s ]

[ 2016-09-27T11:20:10+08:00 ] 127.0.0.1 /
INFO: [ app_init ] --START--
INFO: Run Behavior\BuildLiteBehavior [ RunTime:0.000000s ]
INFO: [ app_init ] --END-- [ RunTime:0.000000s ]
INFO: [ app_begin ] --START--
INFO: Run Behavior\ReadHtmlCacheBehavior [ RunTime:0.000000s ]
INFO: [ app_begin ] --END-- [ RunTime:0.000000s ]
SQL: SHOW COLUMNS FROM `admin_user` [ RunTime:0.0450s ]
NOTIC: [8] Undefined index: username E:\projects\PMsys\Project-platform\service\Apps\Home\Model\IndexModel.class.php 第 42 行.
SQL: SHOW COLUMNS FROM `session` [ RunTime:0.0470s ]
SQL: SELECT * FROM session as a INNER JOIN admin_user as b on a.s_uid=b.uid  WHERE ( b.alias='' ) LIMIT 1   [ RunTime:0.0540s ]
INFO: [ app_end ] --START--
INFO: Run Behavior\ShowPageTraceBehavior [ RunTime:0.001000s ]
INFO: [ app_end ] --END-- [ RunTime:0.001000s ]

[ 2016-09-27T11:20:10+08:00 ] 127.0.0.1 /
INFO: [ app_init ] --START--
INFO: Run Behavior\BuildLiteBehavior [ RunTime:0.000000s ]
INFO: [ app_init ] --END-- [ RunTime:0.000000s ]
INFO: [ app_begin ] --START--
INFO: Run Behavior\ReadHtmlCacheBehavior [ RunTime:0.001000s ]
INFO: [ app_begin ] --END-- [ RunTime:0.001000s ]
SQL: SHOW COLUMNS FROM `admin_user` [ RunTime:0.0480s ]
SQL: SHOW COLUMNS FROM `user_module` [ RunTime:0.0470s ]
SQL: SELECT a.mod_name,a.mod_url,d.uid FROM user_module as a,role_mod_relation as b,user_role_relation as c,admin_user as d WHERE ( a.mod_id=b.mod_id AND b.role_id=c.role_id AND c.uid=d.uid ) GROUP BY a.mod_id  [ RunTime:0.0480s ]
INFO: [ app_end ] --START--
INFO: Run Behavior\ShowPageTraceBehavior [ RunTime:0.000000s ]
INFO: [ app_end ] --END-- [ RunTime:0.000000s ]

[ 2016-09-27T13:18:13+08:00 ] 127.0.0.1 /
INFO: [ app_init ] --START--
INFO: Run Behavior\BuildLiteBehavior [ RunTime:0.000000s ]
INFO: [ app_init ] --END-- [ RunTime:0.000000s ]
INFO: [ app_begin ] --START--
INFO: Run Behavior\ReadHtmlCacheBehavior [ RunTime:0.001001s ]
INFO: [ app_begin ] --END-- [ RunTime:0.001001s ]
SQL: SHOW COLUMNS FROM `admin_user` [ RunTime:0.0460s ]
NOTIC: [8] Undefined index: username E:\projects\PMsys\Project-platform\service\Apps\Home\Model\IndexModel.class.php 第 42 行.
SQL: SHOW COLUMNS FROM `session` [ RunTime:0.0460s ]
SQL: SELECT * FROM session as a INNER JOIN admin_user as b on a.s_uid=b.uid  WHERE ( b.alias='' ) LIMIT 1   [ RunTime:0.0450s ]
INFO: [ app_end ] --START--
INFO: Run Behavior\ShowPageTraceBehavior [ RunTime:0.001000s ]
INFO: [ app_end ] --END-- [ RunTime:0.001000s ]

[ 2016-09-27T13:18:13+08:00 ] 127.0.0.1 /
INFO: [ app_init ] --START--
INFO: Run Behavior\BuildLiteBehavior [ RunTime:0.000000s ]
INFO: [ app_init ] --END-- [ RunTime:0.000000s ]
INFO: [ app_begin ] --START--
INFO: Run Behavior\ReadHtmlCacheBehavior [ RunTime:0.001000s ]
INFO: [ app_begin ] --END-- [ RunTime:0.001000s ]
SQL: SHOW COLUMNS FROM `admin_user` [ RunTime:0.0430s ]
SQL: SHOW COLUMNS FROM `user_module` [ RunTime:0.0440s ]
SQL: SELECT a.mod_name,a.mod_url,d.uid FROM user_module as a,role_mod_relation as b,user_role_relation as c,admin_user as d WHERE ( a.mod_id=b.mod_id AND b.role_id=c.role_id AND c.uid=d.uid ) GROUP BY a.mod_id  [ RunTime:0.0460s ]
INFO: [ app_end ] --START--
INFO: Run Behavior\ShowPageTraceBehavior [ RunTime:0.000000s ]
INFO: [ app_end ] --END-- [ RunTime:0.000000s ]

[ 2016-09-27T13:18:14+08:00 ] 127.0.0.1 /
INFO: [ app_init ] --START--
INFO: Run Behavior\BuildLiteBehavior [ RunTime:0.000000s ]
INFO: [ app_init ] --END-- [ RunTime:0.000000s ]
INFO: [ app_begin ] --START--
INFO: Run Behavior\ReadHtmlCacheBehavior [ RunTime:0.015600s ]
INFO: [ app_begin ] --END-- [ RunTime:0.015600s ]
SQL: SHOW COLUMNS FROM `admin_user` [ RunTime:0.0440s ]
NOTIC: [8] Undefined index: username E:\projects\PMsys\Project-platform\service\Apps\Home\Model\IndexModel.class.php 第 42 行.
SQL: SHOW COLUMNS FROM `session` [ RunTime:0.0450s ]
SQL: SELECT * FROM session as a INNER JOIN admin_user as b on a.s_uid=b.uid  WHERE ( b.alias='' ) LIMIT 1   [ RunTime:0.0450s ]
INFO: [ app_end ] --START--
INFO: Run Behavior\ShowPageTraceBehavior [ RunTime:0.000000s ]
INFO: [ app_end ] --END-- [ RunTime:0.001000s ]

[ 2016-09-27T13:18:15+08:00 ] 127.0.0.1 /
INFO: [ app_init ] --START--
INFO: Run Behavior\BuildLiteBehavior [ RunTime:0.000000s ]
INFO: [ app_init ] --END-- [ RunTime:0.000000s ]
INFO: [ app_begin ] --START--
INFO: Run Behavior\ReadHtmlCacheBehavior [ RunTime:0.000000s ]
INFO: [ app_begin ] --END-- [ RunTime:0.000000s ]
SQL: SHOW COLUMNS FROM `admin_user` [ RunTime:0.0480s ]
SQL: SHOW COLUMNS FROM `user_module` [ RunTime:0.0440s ]
SQL: SELECT a.mod_name,a.mod_url,d.uid FROM user_module as a,role_mod_relation as b,user_role_relation as c,admin_user as d WHERE ( a.mod_id=b.mod_id AND b.role_id=c.role_id AND c.uid=d.uid ) GROUP BY a.mod_id  [ RunTime:0.0440s ]
INFO: [ app_end ] --START--
INFO: Run Behavior\ShowPageTraceBehavior [ RunTime:0.001000s ]
INFO: [ app_end ] --END-- [ RunTime:0.001000s ]

[ 2016-09-27T13:18:16+08:00 ] 127.0.0.1 /
INFO: [ app_init ] --START--
INFO: Run Behavior\BuildLiteBehavior [ RunTime:0.000000s ]
INFO: [ app_init ] --END-- [ RunTime:0.000000s ]
INFO: [ app_begin ] --START--
INFO: Run Behavior\ReadHtmlCacheBehavior [ RunTime:0.001000s ]
INFO: [ app_begin ] --END-- [ RunTime:0.001000s ]
SQL: SHOW COLUMNS FROM `admin_user` [ RunTime:0.0480s ]
NOTIC: [8] Undefined index: username E:\projects\PMsys\Project-platform\service\Apps\Home\Model\IndexModel.class.php 第 42 行.
SQL: SHOW COLUMNS FROM `session` [ RunTime:0.0450s ]
SQL: SELECT * FROM session as a INNER JOIN admin_user as b on a.s_uid=b.uid  WHERE ( b.alias='' ) LIMIT 1   [ RunTime:0.0490s ]
INFO: [ app_end ] --START--
INFO: Run Behavior\ShowPageTraceBehavior [ RunTime:0.001000s ]
INFO: [ app_end ] --END-- [ RunTime:0.001000s ]

[ 2016-09-27T13:18:16+08:00 ] 127.0.0.1 /
INFO: [ app_init ] --START--
INFO: Run Behavior\BuildLiteBehavior [ RunTime:0.000000s ]
INFO: [ app_init ] --END-- [ RunTime:0.000000s ]
INFO: [ app_begin ] --START--
INFO: Run Behavior\ReadHtmlCacheBehavior [ RunTime:0.000000s ]
INFO: [ app_begin ] --END-- [ RunTime:0.000000s ]
SQL: SHOW COLUMNS FROM `admin_user` [ RunTime:0.0490s ]
SQL: SHOW COLUMNS FROM `user_module` [ RunTime:0.0470s ]
SQL: SELECT a.mod_name,a.mod_url,d.uid FROM user_module as a,role_mod_relation as b,user_role_relation as c,admin_user as d WHERE ( a.mod_id=b.mod_id AND b.role_id=c.role_id AND c.uid=d.uid ) GROUP BY a.mod_id  [ RunTime:0.0500s ]
INFO: [ app_end ] --START--
INFO: Run Behavior\ShowPageTraceBehavior [ RunTime:0.000000s ]
INFO: [ app_end ] --END-- [ RunTime:0.000000s ]

[ 2016-09-27T13:31:26+08:00 ] 127.0.0.1 /
INFO: [ app_init ] --START--
INFO: Run Behavior\BuildLiteBehavior [ RunTime:0.000000s ]
INFO: [ app_init ] --END-- [ RunTime:0.001000s ]
INFO: [ app_begin ] --START--
INFO: Run Behavior\ReadHtmlCacheBehavior [ RunTime:0.000000s ]
INFO: [ app_begin ] --END-- [ RunTime:0.000000s ]
SQL: SHOW COLUMNS FROM `admin_user` [ RunTime:0.0480s ]
NOTIC: [8] Undefined index: username E:\projects\PMsys\Project-platform\service\Apps\Home\Model\IndexModel.class.php 第 48 行.
SQL: SHOW COLUMNS FROM `session` [ RunTime:0.0590s ]
SQL: SELECT * FROM session as a INNER JOIN admin_user as b on a.s_uid=b.uid  WHERE ( b.alias='' ) LIMIT 1   [ RunTime:0.0480s ]
INFO: [ app_end ] --START--
INFO: Run Behavior\ShowPageTraceBehavior [ RunTime:0.001000s ]
INFO: [ app_end ] --END-- [ RunTime:0.001000s ]

[ 2016-09-27T13:31:27+08:00 ] 127.0.0.1 /
INFO: [ app_init ] --START--
INFO: Run Behavior\BuildLiteBehavior [ RunTime:0.000000s ]
INFO: [ app_init ] --END-- [ RunTime:0.000000s ]
INFO: [ app_begin ] --START--
INFO: Run Behavior\ReadHtmlCacheBehavior [ RunTime:0.000000s ]
INFO: [ app_begin ] --END-- [ RunTime:0.000000s ]
SQL: SHOW COLUMNS FROM `admin_user` [ RunTime:0.0430s ]
SQL: SHOW COLUMNS FROM `user_module` [ RunTime:0.0430s ]
SQL: SELECT a.mod_name,a.mod_url,d.uid FROM user_module as a,role_mod_relation as b,user_role_relation as c,admin_user as d WHERE ( a.mod_id=b.mod_id AND b.role_id=c.role_id AND c.uid=d.uid ) GROUP BY a.mod_id  [ RunTime:0.0560s ]
INFO: [ app_end ] --START--
INFO: Run Behavior\ShowPageTraceBehavior [ RunTime:0.001000s ]
INFO: [ app_end ] --END-- [ RunTime:0.001000s ]

[ 2016-09-27T13:31:27+08:00 ] 127.0.0.1 /
INFO: [ app_init ] --START--
INFO: Run Behavior\BuildLiteBehavior [ RunTime:0.000000s ]
INFO: [ app_init ] --END-- [ RunTime:0.000000s ]
INFO: [ app_begin ] --START--
INFO: Run Behavior\ReadHtmlCacheBehavior [ RunTime:0.000000s ]
INFO: [ app_begin ] --END-- [ RunTime:0.000000s ]
SQL: SHOW COLUMNS FROM `admin_user` [ RunTime:0.0530s ]
NOTIC: [8] Undefined index: username E:\projects\PMsys\Project-platform\service\Apps\Home\Model\IndexModel.class.php 第 48 行.
SQL: SHOW COLUMNS FROM `session` [ RunTime:0.0470s ]
SQL: SELECT * FROM session as a INNER JOIN admin_user as b on a.s_uid=b.uid  WHERE ( b.alias='' ) LIMIT 1   [ RunTime:0.0490s ]
INFO: [ app_end ] --START--
INFO: Run Behavior\ShowPageTraceBehavior [ RunTime:0.001000s ]
INFO: [ app_end ] --END-- [ RunTime:0.001000s ]

[ 2016-09-27T13:31:27+08:00 ] 127.0.0.1 /
INFO: [ app_init ] --START--
INFO: Run Behavior\BuildLiteBehavior [ RunTime:0.000000s ]
INFO: [ app_init ] --END-- [ RunTime:0.000000s ]
INFO: [ app_begin ] --START--
INFO: Run Behavior\ReadHtmlCacheBehavior [ RunTime:0.001000s ]
INFO: [ app_begin ] --END-- [ RunTime:0.001000s ]
SQL: SHOW COLUMNS FROM `admin_user` [ RunTime:0.0460s ]
SQL: SHOW COLUMNS FROM `user_module` [ RunTime:0.0460s ]
SQL: SELECT a.mod_name,a.mod_url,d.uid FROM user_module as a,role_mod_relation as b,user_role_relation as c,admin_user as d WHERE ( a.mod_id=b.mod_id AND b.role_id=c.role_id AND c.uid=d.uid ) GROUP BY a.mod_id  [ RunTime:0.0460s ]
INFO: [ app_end ] --START--
INFO: Run Behavior\ShowPageTraceBehavior [ RunTime:0.000000s ]
INFO: [ app_end ] --END-- [ RunTime:0.000000s ]

[ 2016-09-27T13:31:28+08:00 ] 127.0.0.1 /
INFO: [ app_init ] --START--
INFO: Run Behavior\BuildLiteBehavior [ RunTime:0.000000s ]
INFO: [ app_init ] --END-- [ RunTime:0.000000s ]
INFO: [ app_begin ] --START--
INFO: Run Behavior\ReadHtmlCacheBehavior [ RunTime:0.000000s ]
INFO: [ app_begin ] --END-- [ RunTime:0.000000s ]
SQL: SHOW COLUMNS FROM `admin_user` [ RunTime:0.0680s ]
SQL: SELECT * FROM `admin_user` WHERE `alias` = 'admin' LIMIT 1   [ RunTime:0.0530s ]
SQL: SHOW COLUMNS FROM `session` [ RunTime:0.0510s ]
SQL: INSERT INTO `session` (`s_uid`,`expiry_time`,`session_id`) VALUES ('1000001','1475559088','1000001') [ RunTime:0.0980s ]
NOTIC: [2] Missing argument 1 for Home\Model\IndexModel::getDiction(), called in E:\projects\PMsys\Project-platform\service\Apps\Home\Controller\IndexController.class.php on line 23 and defined E:\projects\PMsys\Project-platform\service\Apps\Home\Model\IndexModel.class.php 第 34 行.
NOTIC: [8] Undefined variable: where E:\projects\PMsys\Project-platform\service\Apps\Home\Model\IndexModel.class.php 第 38 行.
NOTIC: [2] array_merge(): Argument #2 is not an array E:\projects\PMsys\Project-platform\service\Think\Library\Think\Model.class.php 第 1814 行.
SQL: SHOW COLUMNS FROM `user_module` [ RunTime:0.0470s ]
SQL: SELECT a.mod_name,a.mod_url,d.uid FROM user_module as a,role_mod_relation as b,user_role_relation as c,admin_user as d GROUP BY a.mod_id  [ RunTime:0.0480s ]
INFO: [ app_end ] --START--
INFO: Run Behavior\ShowPageTraceBehavior [ RunTime:0.001000s ]
INFO: [ app_end ] --END-- [ RunTime:0.001000s ]

[ 2016-09-27T13:31:33+08:00 ] 127.0.0.1 /
INFO: [ app_init ] --START--
INFO: Run Behavior\BuildLiteBehavior [ RunTime:0.000000s ]
INFO: [ app_init ] --END-- [ RunTime:0.000000s ]
INFO: [ app_begin ] --START--
INFO: Run Behavior\ReadHtmlCacheBehavior [ RunTime:0.000000s ]
INFO: [ app_begin ] --END-- [ RunTime:0.000000s ]
SQL: SHOW COLUMNS FROM `admin_user` [ RunTime:0.0500s ]
NOTIC: [8] Undefined index: username E:\projects\PMsys\Project-platform\service\Apps\Home\Model\IndexModel.class.php 第 48 行.
INFO: [ app_end ] --START--
INFO: Run Behavior\ShowPageTraceBehavior [ RunTime:0.000000s ]
INFO: [ app_end ] --END-- [ RunTime:0.000000s ]

[ 2016-09-27T13:31:34+08:00 ] 127.0.0.1 /
INFO: [ app_init ] --START--
INFO: Run Behavior\BuildLiteBehavior [ RunTime:0.000000s ]
INFO: [ app_init ] --END-- [ RunTime:0.000000s ]
INFO: [ app_begin ] --START--
INFO: Run Behavior\ReadHtmlCacheBehavior [ RunTime:0.000000s ]
INFO: [ app_begin ] --END-- [ RunTime:0.000000s ]
SQL: SHOW COLUMNS FROM `admin_user` [ RunTime:0.0500s ]
SQL: SHOW COLUMNS FROM `user_module` [ RunTime:0.0460s ]
SQL: SELECT a.mod_name,a.mod_url,d.uid FROM user_module as a,role_mod_relation as b,user_role_relation as c,admin_user as d WHERE ( a.mod_id=b.mod_id AND b.role_id=c.role_id AND c.uid=d.uid ) GROUP BY a.mod_id  [ RunTime:0.0460s ]
INFO: [ app_end ] --START--
INFO: Run Behavior\ShowPageTraceBehavior [ RunTime:0.000000s ]
INFO: [ app_end ] --END-- [ RunTime:0.001000s ]

[ 2016-09-27T13:31:34+08:00 ] 127.0.0.1 /
INFO: [ app_init ] --START--
INFO: Run Behavior\BuildLiteBehavior [ RunTime:0.000000s ]
INFO: [ app_init ] --END-- [ RunTime:0.000000s ]
INFO: [ app_begin ] --START--
INFO: Run Behavior\ReadHtmlCacheBehavior [ RunTime:0.000000s ]
INFO: [ app_begin ] --END-- [ RunTime:0.000000s ]
SQL: SHOW COLUMNS FROM `admin_user` [ RunTime:0.0750s ]
NOTIC: [8] Undefined index: username E:\projects\PMsys\Project-platform\service\Apps\Home\Model\IndexModel.class.php 第 48 行.
INFO: [ app_end ] --START--
INFO: Run Behavior\ShowPageTraceBehavior [ RunTime:0.000000s ]
INFO: [ app_end ] --END-- [ RunTime:0.000000s ]

[ 2016-09-27T13:31:34+08:00 ] 127.0.0.1 /
INFO: [ app_init ] --START--
INFO: Run Behavior\BuildLiteBehavior [ RunTime:0.000000s ]
INFO: [ app_init ] --END-- [ RunTime:0.000000s ]
INFO: [ app_begin ] --START--
INFO: Run Behavior\ReadHtmlCacheBehavior [ RunTime:0.000000s ]
INFO: [ app_begin ] --END-- [ RunTime:0.000000s ]
SQL: SHOW COLUMNS FROM `admin_user` [ RunTime:0.0440s ]
SQL: SHOW COLUMNS FROM `user_module` [ RunTime:0.0450s ]
SQL: SELECT a.mod_name,a.mod_url,d.uid FROM user_module as a,role_mod_relation as b,user_role_relation as c,admin_user as d WHERE ( a.mod_id=b.mod_id AND b.role_id=c.role_id AND c.uid=d.uid ) GROUP BY a.mod_id  [ RunTime:0.0450s ]
INFO: [ app_end ] --START--
INFO: Run Behavior\ShowPageTraceBehavior [ RunTime:0.000000s ]
INFO: [ app_end ] --END-- [ RunTime:0.000000s ]

[ 2016-09-27T13:31:35+08:00 ] 127.0.0.1 /
INFO: [ app_init ] --START--
INFO: Run Behavior\BuildLiteBehavior [ RunTime:0.000000s ]
INFO: [ app_init ] --END-- [ RunTime:0.000000s ]
INFO: [ app_begin ] --START--
INFO: Run Behavior\ReadHtmlCacheBehavior [ RunTime:0.000000s ]
INFO: [ app_begin ] --END-- [ RunTime:0.000000s ]
SQL: SHOW COLUMNS FROM `admin_user` [ RunTime:0.0450s ]
SQL: SHOW COLUMNS FROM `session` [ RunTime:0.0490s ]
SQL: DELETE FROM `session` WHERE ( s_uid=1000001 ) [ RunTime:0.0550s ]
INFO: [ app_end ] --START--
INFO: Run Behavior\ShowPageTraceBehavior [ RunTime:0.000000s ]
INFO: [ app_end ] --END-- [ RunTime:0.000000s ]

[ 2016-09-27T13:31:37+08:00 ] 127.0.0.1 /
INFO: [ app_init ] --START--
INFO: Run Behavior\BuildLiteBehavior [ RunTime:0.000000s ]
INFO: [ app_init ] --END-- [ RunTime:0.000000s ]
INFO: [ app_begin ] --START--
INFO: Run Behavior\ReadHtmlCacheBehavior [ RunTime:0.000000s ]
INFO: [ app_begin ] --END-- [ RunTime:0.000000s ]
SQL: SHOW COLUMNS FROM `admin_user` [ RunTime:0.0490s ]
NOTIC: [8] Undefined index: username E:\projects\PMsys\Project-platform\service\Apps\Home\Model\IndexModel.class.php 第 48 行.
SQL: SHOW COLUMNS FROM `session` [ RunTime:0.0450s ]
SQL: SELECT * FROM session as a INNER JOIN admin_user as b on a.s_uid=b.uid  WHERE ( b.alias='' ) LIMIT 1   [ RunTime:0.0620s ]
INFO: [ app_end ] --START--
INFO: Run Behavior\ShowPageTraceBehavior [ RunTime:0.001000s ]
INFO: [ app_end ] --END-- [ RunTime:0.001000s ]

[ 2016-09-27T13:31:37+08:00 ] 127.0.0.1 /
INFO: [ app_init ] --START--
INFO: Run Behavior\BuildLiteBehavior [ RunTime:0.000000s ]
INFO: [ app_init ] --END-- [ RunTime:0.000000s ]
INFO: [ app_begin ] --START--
INFO: Run Behavior\ReadHtmlCacheBehavior [ RunTime:0.001000s ]
INFO: [ app_begin ] --END-- [ RunTime:0.001000s ]
SQL: SHOW COLUMNS FROM `admin_user` [ RunTime:0.0540s ]
SQL: SHOW COLUMNS FROM `user_module` [ RunTime:0.0580s ]
SQL: SELECT a.mod_name,a.mod_url,d.uid FROM user_module as a,role_mod_relation as b,user_role_relation as c,admin_user as d WHERE ( a.mod_id=b.mod_id AND b.role_id=c.role_id AND c.uid=d.uid ) GROUP BY a.mod_id  [ RunTime:0.0600s ]
INFO: [ app_end ] --START--
INFO: Run Behavior\ShowPageTraceBehavior [ RunTime:0.000000s ]
INFO: [ app_end ] --END-- [ RunTime:0.000000s ]

[ 2016-09-27T13:31:37+08:00 ] 127.0.0.1 /
INFO: [ app_init ] --START--
INFO: Run Behavior\BuildLiteBehavior [ RunTime:0.000000s ]
INFO: [ app_init ] --END-- [ RunTime:0.000000s ]
INFO: [ app_begin ] --START--
INFO: Run Behavior\ReadHtmlCacheBehavior [ RunTime:0.000000s ]
INFO: [ app_begin ] --END-- [ RunTime:0.000000s ]
SQL: SHOW COLUMNS FROM `admin_user` [ RunTime:0.0430s ]
NOTIC: [8] Undefined index: username E:\projects\PMsys\Project-platform\service\Apps\Home\Model\IndexModel.class.php 第 48 行.
SQL: SHOW COLUMNS FROM `session` [ RunTime:0.0550s ]
SQL: SELECT * FROM session as a INNER JOIN admin_user as b on a.s_uid=b.uid  WHERE ( b.alias='' ) LIMIT 1   [ RunTime:0.0420s ]
INFO: [ app_end ] --START--
INFO: Run Behavior\ShowPageTraceBehavior [ RunTime:0.001000s ]
INFO: [ app_end ] --END-- [ RunTime:0.001000s ]

[ 2016-09-27T13:31:38+08:00 ] 127.0.0.1 /
INFO: [ app_init ] --START--
INFO: Run Behavior\BuildLiteBehavior [ RunTime:0.000000s ]
INFO: [ app_init ] --END-- [ RunTime:0.000000s ]
INFO: [ app_begin ] --START--
INFO: Run Behavior\ReadHtmlCacheBehavior [ RunTime:0.001000s ]
INFO: [ app_begin ] --END-- [ RunTime:0.001000s ]
SQL: SHOW COLUMNS FROM `admin_user` [ RunTime:0.0420s ]
SQL: SHOW COLUMNS FROM `user_module` [ RunTime:0.0420s ]
SQL: SELECT a.mod_name,a.mod_url,d.uid FROM user_module as a,role_mod_relation as b,user_role_relation as c,admin_user as d WHERE ( a.mod_id=b.mod_id AND b.role_id=c.role_id AND c.uid=d.uid ) GROUP BY a.mod_id  [ RunTime:0.0420s ]
INFO: [ app_end ] --START--
INFO: Run Behavior\ShowPageTraceBehavior [ RunTime:0.001000s ]
INFO: [ app_end ] --END-- [ RunTime:0.001000s ]

[ 2016-09-27T13:31:38+08:00 ] 127.0.0.1 /
INFO: [ app_init ] --START--
INFO: Run Behavior\BuildLiteBehavior [ RunTime:0.000000s ]
INFO: [ app_init ] --END-- [ RunTime:0.000000s ]
INFO: [ app_begin ] --START--
INFO: Run Behavior\ReadHtmlCacheBehavior [ RunTime:0.000000s ]
INFO: [ app_begin ] --END-- [ RunTime:0.000000s ]
SQL: SHOW COLUMNS FROM `admin_user` [ RunTime:0.0480s ]
SQL: SELECT * FROM `admin_user` WHERE `alias` = 'admin' LIMIT 1   [ RunTime:0.0430s ]
SQL: SHOW COLUMNS FROM `session` [ RunTime:0.0480s ]
SQL: INSERT INTO `session` (`s_uid`,`expiry_time`,`session_id`) VALUES ('1000001','1475559098','1000001') [ RunTime:0.0500s ]
NOTIC: [2] Missing argument 1 for Home\Model\IndexModel::getDiction(), called in E:\projects\PMsys\Project-platform\service\Apps\Home\Controller\IndexController.class.php on line 23 and defined E:\projects\PMsys\Project-platform\service\Apps\Home\Model\IndexModel.class.php 第 34 行.
NOTIC: [8] Undefined variable: where E:\projects\PMsys\Project-platform\service\Apps\Home\Model\IndexModel.class.php 第 38 行.
NOTIC: [2] array_merge(): Argument #2 is not an array E:\projects\PMsys\Project-platform\service\Think\Library\Think\Model.class.php 第 1814 行.
SQL: SHOW COLUMNS FROM `user_module` [ RunTime:0.0480s ]
SQL: SELECT a.mod_name,a.mod_url,d.uid FROM user_module as a,role_mod_relation as b,user_role_relation as c,admin_user as d GROUP BY a.mod_id  [ RunTime:0.0500s ]
INFO: [ app_end ] --START--
INFO: Run Behavior\ShowPageTraceBehavior [ RunTime:0.001000s ]
INFO: [ app_end ] --END-- [ RunTime:0.001000s ]

[ 2016-09-27T14:46:14+08:00 ] 127.0.0.1 /
INFO: [ app_init ] --START--
INFO: Run Behavior\BuildLiteBehavior [ RunTime:0.000000s ]
INFO: [ app_init ] --END-- [ RunTime:0.000000s ]
INFO: [ app_begin ] --START--
INFO: Run Behavior\ReadHtmlCacheBehavior [ RunTime:0.000000s ]
INFO: [ app_begin ] --END-- [ RunTime:0.000000s ]
SQL: SHOW COLUMNS FROM `admin_user` [ RunTime:0.0450s ]
NOTIC: [8] Undefined index: username E:\projects\PMsys\Project-platform\service\Apps\Home\Model\IndexModel.class.php 第 48 行.
INFO: [ app_end ] --START--
INFO: Run Behavior\ShowPageTraceBehavior [ RunTime:0.001000s ]
INFO: [ app_end ] --END-- [ RunTime:0.001000s ]

[ 2016-09-27T14:46:14+08:00 ] 127.0.0.1 /
INFO: [ app_init ] --START--
INFO: Run Behavior\BuildLiteBehavior [ RunTime:0.000000s ]
INFO: [ app_init ] --END-- [ RunTime:0.000000s ]
INFO: [ app_begin ] --START--
INFO: Run Behavior\ReadHtmlCacheBehavior [ RunTime:0.000000s ]
INFO: [ app_begin ] --END-- [ RunTime:0.000000s ]
SQL: SHOW COLUMNS FROM `admin_user` [ RunTime:0.0520s ]
SQL: SHOW COLUMNS FROM `user_module` [ RunTime:0.0460s ]
SQL: SELECT a.mod_name,a.mod_url,d.uid FROM user_module as a,role_mod_relation as b,user_role_relation as c,admin_user as d WHERE ( a.mod_id=b.mod_id AND b.role_id=c.role_id AND c.uid=d.uid ) GROUP BY a.mod_id  [ RunTime:0.0480s ]
INFO: [ app_end ] --START--
INFO: Run Behavior\ShowPageTraceBehavior [ RunTime:0.000000s ]
INFO: [ app_end ] --END-- [ RunTime:0.000000s ]

[ 2016-09-27T14:46:14+08:00 ] 127.0.0.1 /
INFO: [ app_init ] --START--
INFO: Run Behavior\BuildLiteBehavior [ RunTime:0.000000s ]
INFO: [ app_init ] --END-- [ RunTime:0.000000s ]
INFO: [ app_begin ] --START--
INFO: Run Behavior\ReadHtmlCacheBehavior [ RunTime:0.000000s ]
INFO: [ app_begin ] --END-- [ RunTime:0.000000s ]
SQL: SHOW COLUMNS FROM `admin_user` [ RunTime:0.0470s ]
NOTIC: [8] Undefined index: username E:\projects\PMsys\Project-platform\service\Apps\Home\Model\IndexModel.class.php 第 48 行.
INFO: [ app_end ] --START--
INFO: Run Behavior\ShowPageTraceBehavior [ RunTime:0.001000s ]
INFO: [ app_end ] --END-- [ RunTime:0.001000s ]

[ 2016-09-27T14:46:15+08:00 ] 127.0.0.1 /
INFO: [ app_init ] --START--
INFO: Run Behavior\BuildLiteBehavior [ RunTime:0.000000s ]
INFO: [ app_init ] --END-- [ RunTime:0.000000s ]
INFO: [ app_begin ] --START--
INFO: Run Behavior\ReadHtmlCacheBehavior [ RunTime:0.000000s ]
INFO: [ app_begin ] --END-- [ RunTime:0.000000s ]
SQL: SHOW COLUMNS FROM `admin_user` [ RunTime:0.0490s ]
SQL: SHOW COLUMNS FROM `user_module` [ RunTime:0.0450s ]
SQL: SELECT a.mod_name,a.mod_url,d.uid FROM user_module as a,role_mod_relation as b,user_role_relation as c,admin_user as d WHERE ( a.mod_id=b.mod_id AND b.role_id=c.role_id AND c.uid=d.uid ) GROUP BY a.mod_id  [ RunTime:0.0460s ]
INFO: [ app_end ] --START--
INFO: Run Behavior\ShowPageTraceBehavior [ RunTime:0.001000s ]
INFO: [ app_end ] --END-- [ RunTime:0.001000s ]

[ 2016-09-27T14:46:17+08:00 ] 127.0.0.1 /
INFO: [ app_init ] --START--
INFO: Run Behavior\BuildLiteBehavior [ RunTime:0.000000s ]
INFO: [ app_init ] --END-- [ RunTime:0.000000s ]
INFO: [ app_begin ] --START--
INFO: Run Behavior\ReadHtmlCacheBehavior [ RunTime:0.000000s ]
INFO: [ app_begin ] --END-- [ RunTime:0.000000s ]
INFO: [ app_end ] --START--
INFO: Run Behavior\ShowPageTraceBehavior [ RunTime:0.001000s ]
INFO: [ app_end ] --END-- [ RunTime:0.001000s ]

[ 2016-09-27T14:57:42+08:00 ] 127.0.0.1 /
INFO: [ app_init ] --START--
INFO: Run Behavior\BuildLiteBehavior [ RunTime:0.000000s ]
INFO: [ app_init ] --END-- [ RunTime:0.000000s ]
INFO: [ app_begin ] --START--
INFO: Run Behavior\ReadHtmlCacheBehavior [ RunTime:0.001000s ]
INFO: [ app_begin ] --END-- [ RunTime:0.001000s ]
SQL: SHOW COLUMNS FROM `admin_user` [ RunTime:0.0540s ]
NOTIC: [8] Undefined index: username E:\projects\PMsys\Project-platform\service\Apps\Home\Model\IndexModel.class.php 第 48 行.
INFO: [ app_end ] --START--
INFO: Run Behavior\ShowPageTraceBehavior [ RunTime:0.001000s ]
INFO: [ app_end ] --END-- [ RunTime:0.001000s ]

[ 2016-09-27T14:57:43+08:00 ] 127.0.0.1 /
INFO: [ app_init ] --START--
INFO: Run Behavior\BuildLiteBehavior [ RunTime:0.000000s ]
INFO: [ app_init ] --END-- [ RunTime:0.000000s ]
INFO: [ app_begin ] --START--
INFO: Run Behavior\ReadHtmlCacheBehavior [ RunTime:0.001000s ]
INFO: [ app_begin ] --END-- [ RunTime:0.001000s ]
SQL: SHOW COLUMNS FROM `admin_user` [ RunTime:0.0450s ]
SQL: SHOW COLUMNS FROM `user_module` [ RunTime:0.0460s ]
SQL: SELECT a.mod_name,a.mod_url,d.uid FROM user_module as a,role_mod_relation as b,user_role_relation as c,admin_user as d WHERE ( a.mod_id=b.mod_id AND b.role_id=c.role_id AND c.uid=d.uid ) GROUP BY a.mod_id  [ RunTime:0.0470s ]
INFO: [ app_end ] --START--
INFO: Run Behavior\ShowPageTraceBehavior [ RunTime:0.000000s ]
INFO: [ app_end ] --END-- [ RunTime:0.000000s ]

[ 2016-09-27T14:57:43+08:00 ] 127.0.0.1 /
INFO: [ app_init ] --START--
INFO: Run Behavior\BuildLiteBehavior [ RunTime:0.000000s ]
INFO: [ app_init ] --END-- [ RunTime:0.000000s ]
INFO: [ app_begin ] --START--
INFO: Run Behavior\ReadHtmlCacheBehavior [ RunTime:0.000000s ]
INFO: [ app_begin ] --END-- [ RunTime:0.000000s ]
SQL: SHOW COLUMNS FROM `admin_user` [ RunTime:0.0460s ]
NOTIC: [8] Undefined index: username E:\projects\PMsys\Project-platform\service\Apps\Home\Model\IndexModel.class.php 第 48 行.
INFO: [ app_end ] --START--
INFO: Run Behavior\ShowPageTraceBehavior [ RunTime:0.001000s ]
INFO: [ app_end ] --END-- [ RunTime:0.001000s ]

[ 2016-09-27T14:57:43+08:00 ] 127.0.0.1 /
INFO: [ app_init ] --START--
INFO: Run Behavior\BuildLiteBehavior [ RunTime:0.000000s ]
INFO: [ app_init ] --END-- [ RunTime:0.000000s ]
INFO: [ app_begin ] --START--
INFO: Run Behavior\ReadHtmlCacheBehavior [ RunTime:0.000000s ]
INFO: [ app_begin ] --END-- [ RunTime:0.001001s ]
SQL: SHOW COLUMNS FROM `admin_user` [ RunTime:0.0480s ]
SQL: SHOW COLUMNS FROM `user_module` [ RunTime:0.0460s ]
SQL: SELECT a.mod_name,a.mod_url,d.uid FROM user_module as a,role_mod_relation as b,user_role_relation as c,admin_user as d WHERE ( a.mod_id=b.mod_id AND b.role_id=c.role_id AND c.uid=d.uid ) GROUP BY a.mod_id  [ RunTime:0.0460s ]
INFO: [ app_end ] --START--
INFO: Run Behavior\ShowPageTraceBehavior [ RunTime:0.001000s ]
INFO: [ app_end ] --END-- [ RunTime:0.001000s ]

[ 2016-09-27T14:57:44+08:00 ] 127.0.0.1 /
INFO: [ app_init ] --START--
INFO: Run Behavior\BuildLiteBehavior [ RunTime:0.000000s ]
INFO: [ app_init ] --END-- [ RunTime:0.000000s ]
INFO: [ app_begin ] --START--
INFO: Run Behavior\ReadHtmlCacheBehavior [ RunTime:0.000000s ]
INFO: [ app_begin ] --END-- [ RunTime:0.000000s ]
SQL: SHOW COLUMNS FROM `admin_user` [ RunTime:0.0450s ]
SQL: SELECT * FROM `admin_user` WHERE `alias` = 'admin' LIMIT 1   [ RunTime:0.0440s ]
SQL: SHOW COLUMNS FROM `session` [ RunTime:0.0450s ]
SQL: INSERT INTO `session` (`s_uid`,`expiry_time`,`session_id`) VALUES ('1000001','1475564264','1000001') [ RunTime:0.0960s ]
NOTIC: [2] Missing argument 1 for Home\Model\IndexModel::getDiction(), called in E:\projects\PMsys\Project-platform\service\Apps\Home\Controller\IndexController.class.php on line 23 and defined E:\projects\PMsys\Project-platform\service\Apps\Home\Model\IndexModel.class.php 第 34 行.
NOTIC: [8] Undefined variable: where E:\projects\PMsys\Project-platform\service\Apps\Home\Model\IndexModel.class.php 第 38 行.
NOTIC: [2] array_merge(): Argument #2 is not an array E:\projects\PMsys\Project-platform\service\Think\Library\Think\Model.class.php 第 1814 行.
SQL: SHOW COLUMNS FROM `user_module` [ RunTime:0.0460s ]
SQL: SELECT a.mod_name,a.mod_url,d.uid FROM user_module as a,role_mod_relation as b,user_role_relation as c,admin_user as d GROUP BY a.mod_id  [ RunTime:0.0470s ]
INFO: [ app_end ] --START--
INFO: Run Behavior\ShowPageTraceBehavior [ RunTime:0.001000s ]
INFO: [ app_end ] --END-- [ RunTime:0.001000s ]

[ 2016-09-27T18:17:47+08:00 ] 127.0.0.1 /
INFO: [ app_init ] --START--
INFO: Run Behavior\BuildLiteBehavior [ RunTime:0.000000s ]
INFO: [ app_init ] --END-- [ RunTime:0.000000s ]
INFO: [ app_begin ] --START--
INFO: Run Behavior\ReadHtmlCacheBehavior [ RunTime:0.000000s ]
INFO: [ app_begin ] --END-- [ RunTime:0.000000s ]
INFO: [ app_end ] --START--
INFO: Run Behavior\ShowPageTraceBehavior [ RunTime:0.000000s ]
INFO: [ app_end ] --END-- [ RunTime:0.000000s ]

[ 2016-09-27T18:34:21+08:00 ] 127.0.0.1 /
INFO: [ app_init ] --START--
INFO: Run Behavior\BuildLiteBehavior [ RunTime:0.000000s ]
INFO: [ app_init ] --END-- [ RunTime:0.000000s ]
INFO: [ app_begin ] --START--
INFO: Run Behavior\ReadHtmlCacheBehavior [ RunTime:0.001000s ]
INFO: [ app_begin ] --END-- [ RunTime:0.001000s ]
INFO: [ app_end ] --START--
INFO: Run Behavior\ShowPageTraceBehavior [ RunTime:0.000000s ]
INFO: [ app_end ] --END-- [ RunTime:0.000000s ]

[ 2016-09-27T18:34:56+08:00 ] 127.0.0.1 /
INFO: [ app_init ] --START--
INFO: Run Behavior\BuildLiteBehavior [ RunTime:0.000000s ]
INFO: [ app_init ] --END-- [ RunTime:0.000000s ]
INFO: [ app_begin ] --START--
INFO: Run Behavior\ReadHtmlCacheBehavior [ RunTime:0.000000s ]
INFO: [ app_begin ] --END-- [ RunTime:0.000000s ]
INFO: [ app_end ] --START--
INFO: Run Behavior\ShowPageTraceBehavior [ RunTime:0.001000s ]
INFO: [ app_end ] --END-- [ RunTime:0.001000s ]

