[ 2016-09-27T16:27:24+08:00 ] 127.0.0.1 /index.php?s=/Bussiness/Bussiness/implement/mid=1
INFO: [ app_init ] --START--
INFO: Run Behavior\BuildLiteBehavior [ RunTime:0.000000s ]
INFO: [ app_init ] --END-- [ RunTime:0.000000s ]
ERR: 无法加载模块:Bussiness

[ 2016-09-27T16:29:23+08:00 ] 127.0.0.1 /index.php?s=/Bussiness/Bussiness/implement/mid=1
INFO: [ app_init ] --START--
INFO: Run Behavior\BuildLiteBehavior [ RunTime:0.000000s ]
INFO: [ app_init ] --END-- [ RunTime:0.000000s ]
ERR: 无法加载模块:Bussiness

[ 2016-09-27T17:47:14+08:00 ] 127.0.0.1 /index.php?s=/Bussiness/Bussiness/implement/mid=1
INFO: [ app_init ] --START--
INFO: Run Behavior\BuildLiteBehavior [ RunTime:0.000000s ]
INFO: [ app_init ] --END-- [ RunTime:0.000000s ]
ERR: 无法加载模块:Bussiness

[ 2016-09-27T17:47:29+08:00 ] 127.0.0.1 /index.php?s=/Bussiness/Bussiness/implement/mid=1
INFO: [ app_init ] --START--
INFO: Run Behavior\BuildLiteBehavior [ RunTime:0.000000s ]
INFO: [ app_init ] --END-- [ RunTime:0.000000s ]
ERR: 无法加载模块:Bussiness

[ 2016-09-27T17:47:30+08:00 ] 127.0.0.1 /index.php?s=/Bussiness/Bussiness/implement/mid=1
INFO: [ app_init ] --START--
INFO: Run Behavior\BuildLiteBehavior [ RunTime:0.000000s ]
INFO: [ app_init ] --END-- [ RunTime:0.000000s ]
ERR: 无法加载模块:Bussiness

[ 2016-09-27T17:55:23+08:00 ] 127.0.0.1 /index.php?s=/Bussiness/Bussiness/implement/mid=1
INFO: [ app_init ] --START--
INFO: Run Behavior\BuildLiteBehavior [ RunTime:0.000000s ]
INFO: [ app_init ] --END-- [ RunTime:0.000000s ]
ERR: 无法加载模块:Bussiness

[ 2016-09-27T17:55:24+08:00 ] 127.0.0.1 /index.php?s=/Bussiness/Bussiness/implement/mid=1
INFO: [ app_init ] --START--
INFO: Run Behavior\BuildLiteBehavior [ RunTime:0.000000s ]
INFO: [ app_init ] --END-- [ RunTime:0.000000s ]
ERR: 无法加载模块:Bussiness

[ 2016-09-27T17:55:24+08:00 ] 127.0.0.1 /index.php?s=/Bussiness/Bussiness/implement/mid=1
INFO: [ app_init ] --START--
INFO: Run Behavior\BuildLiteBehavior [ RunTime:0.000000s ]
INFO: [ app_init ] --END-- [ RunTime:0.000000s ]
ERR: 无法加载模块:Bussiness

[ 2016-09-27T17:55:25+08:00 ] 127.0.0.1 /index.php?s=/Bussiness/Bussiness/implement/mid=1
INFO: [ app_init ] --START--
INFO: Run Behavior\BuildLiteBehavior [ RunTime:0.000000s ]
INFO: [ app_init ] --END-- [ RunTime:0.000000s ]
ERR: 无法加载模块:Bussiness

[ 2016-09-27T17:55:25+08:00 ] 127.0.0.1 /index.php?s=/Bussiness/Bussiness/implement/mid=1
INFO: [ app_init ] --START--
INFO: Run Behavior\BuildLiteBehavior [ RunTime:0.000000s ]
INFO: [ app_init ] --END-- [ RunTime:0.000000s ]
ERR: 无法加载模块:Bussiness

[ 2016-09-27T17:55:41+08:00 ] 127.0.0.1 /index.php?s=/Bussiness/Bussiness/implement/mid=1
INFO: [ app_init ] --START--
INFO: Run Behavior\BuildLiteBehavior [ RunTime:0.000000s ]
INFO: [ app_init ] --END-- [ RunTime:0.000000s ]
ERR: 无法加载模块:Bussiness

[ 2016-09-27T17:57:16+08:00 ] 127.0.0.1 /index.php?s=/Index/Bussiness/implement/mid=1
INFO: [ app_init ] --START--
INFO: Run Behavior\BuildLiteBehavior [ RunTime:0.000000s ]
INFO: [ app_init ] --END-- [ RunTime:0.000000s ]
ERR: 无法加载模块:Index

[ 2016-09-27T18:00:22+08:00 ] 127.0.0.1 /index.php?s=/Index/Bussiness/implement/mid=1
INFO: [ app_init ] --START--
INFO: Run Behavior\BuildLiteBehavior [ RunTime:0.001000s ]
INFO: [ app_init ] --END-- [ RunTime:0.001000s ]
ERR: 无法加载模块:Index

[ 2016-09-27T18:31:56+08:00 ] 127.0.0.1 /index.php?s=/Bussiness/Bussiness
INFO: [ app_init ] --START--
INFO: Run Behavior\BuildLiteBehavior [ RunTime:0.000000s ]
INFO: [ app_init ] --END-- [ RunTime:0.000000s ]
ERR: 无法加载模块:Bussiness

[ 2016-09-27T18:32:28+08:00 ] 127.0.0.1 /index.php?s=/Bussiness/Index/index
INFO: [ app_init ] --START--
INFO: Run Behavior\BuildLiteBehavior [ RunTime:0.000000s ]
INFO: [ app_init ] --END-- [ RunTime:0.000000s ]
ERR: 无法加载模块:Bussiness

[ 2016-09-27T18:32:35+08:00 ] 127.0.0.1 /index.php?s=Bussiness/Index/index
INFO: [ app_init ] --START--
INFO: Run Behavior\BuildLiteBehavior [ RunTime:0.000000s ]
INFO: [ app_init ] --END-- [ RunTime:0.000000s ]
ERR: 无法加载模块:Bussiness

[ 2016-09-27T18:32:38+08:00 ] 127.0.0.1 /index.php?s=Bussiness/
INFO: [ app_init ] --START--
INFO: Run Behavior\BuildLiteBehavior [ RunTime:0.000000s ]
INFO: [ app_init ] --END-- [ RunTime:0.000000s ]
ERR: 无法加载模块:Bussiness

[ 2016-09-27T18:33:37+08:00 ] 127.0.0.1 /index.php?s=/Bussiness/Bussiness
INFO: [ app_init ] --START--
INFO: Run Behavior\BuildLiteBehavior [ RunTime:0.000000s ]
INFO: [ app_init ] --END-- [ RunTime:0.000000s ]
ERR: 无法加载模块:Bussiness

[ 2016-09-27T18:33:43+08:00 ] 127.0.0.1 /index.php?s=/Bussiness/Index
INFO: [ app_init ] --START--
INFO: Run Behavior\BuildLiteBehavior [ RunTime:0.000000s ]
INFO: [ app_init ] --END-- [ RunTime:0.000000s ]
ERR: 无法加载模块:Bussiness

